<?xml version="1.0" encoding="UTF-8"?>
<testsuite xmlns:xsi="http://www.w3.org/2001/XMLSchema-instance" xsi:noNamespaceSchemaLocation="https://maven.apache.org/surefire/maven-failsafe-plugin/xsd/failsafe-test-report.xsd" name="RunTests" time="1,371.901" tests="121" errors="31" skipped="28" failures="2">
  <properties>
[...]
</properties>
  <testcase name="To verify that upon signing in the application user is landed on the dashboard" classname="Dashboard Management" time="16.538"/>
  <testcase name="verify GUI components of Work order dashboard" classname="Dashboard Management" time="10.999"/>
  <testcase name="To verify that upon tapping the management tile user should be redirected to the respective list" classname="Dashboard Management" time="8.041"/>
  <testcase name="To verify that upon tapping the management tile user should be redirected to the respective list" classname="Dashboard Management" time="8.211"/>
  <testcase name="To verify that upon tapping the management tile user should be redirected to the respective list" classname="Dashboard Management" time="8.276"/>
  <testcase name="To verify that upon tapping the management tile user should be redirected to the respective list" classname="Dashboard Management" time="10.659"/>
  <testcase name="To verify that correct count is displayed in the work order tiles" classname="Dashboard Management" time="9.469"/>
  <testcase name="To verify that correct count is displayed in the work order tiles" classname="Dashboard Management" time="11.044"/>
  <testcase name="To verify that correct count is displayed in the work order tiles" classname="Dashboard Management" time="9.335"/>
  <testcase name="To verify that correct count is displayed in the work order tiles" classname="Dashboard Management" time="9.21"/>
  <testcase name="To verify that correct count is displayed in the work order tiles" classname="Dashboard Management" time="9.266"/>
  <testcase name="To verify that correct count is displayed in the work order tiles" classname="Dashboard Management" time="10.35">
    <failure type="java.lang.AssertionError">java.lang.AssertionError
</failure>
    <system-err><![CDATA[[main] INFO net.serenitybdd.core.Serenity - 
        __    _____ _____ ____ _____   ____   _    ____  ____  _____ ____  
  _     \ \  |_   _| ____/ ___|_   _| |  _ \ / \  / ___|/ ___|| ____|  _ \ 
 (_)_____| |   | | |  _| \___ \ | |   | |_) / _ \ \___ \\___ \|  _| | | | |
  _|_____| |   | | | |___ ___) || |   |  __/ ___ \ ___) |___) | |___| |_| |
 (_)     | |   |_| |_____|____/ |_|   |_| /_/   \_\____/|____/|_____|____/ 
        /_/                                                                

TEST PASSED: To verify that correct count is displayed in the work order tiles
----------------------------------------------------------------------------
[main] INFO utilities.ConfigLoader - Running the tests against:test
[1588841070.424][SEVERE]: Timed out receiving message from renderer: 0.100
[main] ERROR net.serenitybdd.core.Serenity - 
           __  _____ _____ ____ _____   _____ _    ___ _     _____ ____  
  _       / / |_   _| ____/ ___|_   _| |  ___/ \  |_ _| |   | ____|  _ \ 
 (_)_____| |    | | |  _| \___ \ | |   | |_ / _ \  | || |   |  _| | | | |
  _|_____| |    | | | |___ ___) || |   |  _/ ___ \ | || |___| |___| |_| |
 (_)     | |    |_| |_____|____/ |_|   |_|/_/   \_\___|_____|_____|____/ 
          \_\                                                            

TEST FAILED: To verify that correct count is displayed in the work order tiles
--------------------------------------------------------------------------
[main] ERROR net.serenitybdd.core.Serenity - TEST FAILED AT STEP Then User verifies the number of work order in the list
[main] ERROR net.serenitybdd.core.Serenity - 
]]></system-err>
  </testcase>
  <testcase name="To verify that correct count is displayed in the company tiles" classname="Dashboard Management" time="9.358"/>
  <testcase name="To verify that correct count is displayed in the company tiles" classname="Dashboard Management" time="10.361"/>
  <testcase name="To verify that correct count is displayed in the company tiles" classname="Dashboard Management" time="9.051"/>
  <testcase name="To verify that correct count is displayed in the company tiles" classname="Dashboard Management" time="10.314"/>
  <testcase name="Create a facility and cross verify the detail entered" classname="Facility Management" time="19.899"/>
  <testcase name="To verify validations on add facility screen" classname="Facility Management" time="10.44"/>
  <testcase name="Verify the company ID displayed in add facility screen" classname="Facility Management" time="11.513"/>
  <testcase name="Verify that by default &apos;All&apos; is selected in members assigned" classname="Facility Management" time="9.58"/>
  <testcase name="Edit an existing facility from facility list screen and cross verify the modification" classname="Facility Management" time="22.454"/>
  <testcase name="Edit an existing facility from facility detail screen and cross verify the modification" classname="Facility Management" time="18.614"/>
  <testcase name="Deactivate and Activate facility from facility list screen" classname="Facility Management" time="12.556"/>
  <testcase name="Verify that the user is able to select multiple users in ‘Members Assigned’ dropdown" classname="Facility Management" time="24.95"/>
  <testcase name="Verify that the same name facility is not added twice in the same company" classname="Facility Management" time="32.263">
    <error message="Timed out after 20000 milliseconds: net.serenitybdd.core.pages.RenderedPageObjectView$2@7159d601&#10;Build info: version: &apos;3.10.0&apos;, revision: &apos;176b4a9&apos;, time: &apos;2018-03-02T19:03:16.397Z&apos;&#10;System info: host: &apos;PAYALQA&apos;, ip: &apos;192.168.1.18&apos;, os.name: &apos;Windows 10&apos;, os.arch: &apos;amd64&apos;, os.version: &apos;10.0&apos;, java.version: &apos;11.0.2&apos;&#10;Driver info: driver.version: unknown" type="org.openqa.selenium.TimeoutException">org.openqa.selenium.TimeoutException: 
Timed out after 20000 milliseconds: net.serenitybdd.core.pages.RenderedPageObjectView$2@7159d601
Build info: version: '3.10.0', revision: '176b4a9', time: '2018-03-02T19:03:16.397Z'
System info: host: 'PAYALQA', ip: '192.168.1.18', os.name: 'Windows 10', os.arch: 'amd64', os.version: '10.0', java.version: '11.0.2'
Driver info: driver.version: unknown
</error>
    <system-err><![CDATA[[main] INFO net.serenitybdd.core.Serenity - 
        __    _____ _____ ____ _____   ____   _    ____  ____  _____ ____  
  _     \ \  |_   _| ____/ ___|_   _| |  _ \ / \  / ___|/ ___|| ____|  _ \ 
 (_)_____| |   | | |  _| \___ \ | |   | |_) / _ \ \___ \\___ \|  _| | | | |
  _|_____| |   | | | |___ ___) || |   |  __/ ___ \ ___) |___) | |___| |_| |
 (_)     | |   |_| |_____|____/ |_|   |_| /_/   \_\____/|____/|_____|____/ 
        /_/                                                                

TEST PASSED: Verify that the user is able to select multiple users in ‘Members Assigned’ dropdown
----------------------------------------------------------------------------
[main] INFO net.serenitybdd.core.Serenity - 
 _____ _____ ____ _____   ____ _____  _    ____ _____ _____ ____  
|_   _| ____/ ___|_   _| / ___|_   _|/ \  |  _ \_   _| ____|  _ \ 
  | | |  _| \___ \ | |   \___ \ | | / _ \ | |_) || | |  _| | | | |
  | | | |___ ___) || |    ___) || |/ ___ \|  _ < | | | |___| |_| |
  |_| |_____|____/ |_|   |____/ |_/_/   \_\_| \_\|_| |_____|____/ 
                                                                  

TEST STARTED: Verify that the same name facility is not added twice in the same company
-------------------------------------------------------------------(facility-management;verify-that-the-same-name-facility-is-not-added-twice-in-the-same-company)
[main] INFO utilities.ConfigLoader - Running the tests against:test
[1588841251.618][SEVERE]: Timed out receiving message from renderer: 0.100
[1588841251.866][SEVERE]: Timed out receiving message from renderer: 0.100
[main] INFO utilities.ConfigLoader - Running the tests against:test
[main] ERROR net.serenitybdd.core.Serenity - 
           __  _____ _____ ____ _____   _____ _    ___ _     _____ ____  
  _       / / |_   _| ____/ ___|_   _| |  ___/ \  |_ _| |   | ____|  _ \ 
 (_)_____| |    | | |  _| \___ \ | |   | |_ / _ \  | || |   |  _| | | | |
  _|_____| |    | | | |___ ___) || |   |  _/ ___ \ | || |___| |___| |_| |
 (_)     | |    |_| |_____|____/ |_|   |_|/_/   \_\___|_____|_____|____/ 
          \_\                                                            

TEST FAILED WITH ERROR: Verify that the same name facility is not added twice in the same company
---------------------------------------------------------------------
[main] ERROR net.serenitybdd.core.Serenity - TEST FAILED AT STEP Then Success message "This facility already exists in the application for your company" should be displayed
[main] ERROR net.serenitybdd.core.Serenity - Timed out after 20000 milliseconds: net.serenitybdd.core.pages.RenderedPageObjectView$2@7159d601
]]></system-err>
  </testcase>
  <testcase name="Filter the facility list upon selecting status" classname="Facility Management" time="17.761"/>
  <testcase name="Filter the facility list upon selecting status" classname="Facility Management" time="19.037"/>
  <testcase name="User should be able to search when he enters the keyword and clicks on &apos;Filter&apos; button" classname="Facility Management" time="14.61"/>
  <testcase name="User should be able to search when he enters the keyword and hits ‘Enter’ button on keyboard" classname="Facility Management" time="14.506"/>
  <testcase name="Create a unit and cross verify the detail entered" classname="Unit Management" time="17.01"/>
  <testcase name="To verify validations on add unit screen" classname="Unit Management" time="11.368"/>
  <testcase name="Edit an existing unit from facility detail screen and cross verify the modification" classname="Unit Management" time="18.102"/>
  <testcase name="Edit an existing unit from unit detail screen and cross verify the modification" classname="Unit Management" time="16.769"/>
  <testcase name="Deactivate and Activate unit from unit list screen" classname="Unit Management" time="16.58"/>
  <testcase name="Deactivate user from unit detail screen and cross verify the status" classname="Unit Management" time="22.246"/>
  <testcase name="Filter the unit list upon selecting status" classname="Unit Management" time="18.346"/>
  <testcase name="Filter the unit list upon selecting status" classname="Unit Management" time="20.045"/>
  <testcase name="User should be able to search when he enters the keyword and clicks on &apos;Filter&apos; button" classname="Unit Management" time="15.618"/>
  <testcase name="User should be able to search when he enters the keyword and hits ‘Enter’ button on keyboard" classname="Unit Management" time="16.065"/>
  <testcase name="Create an admin and cross verify the detail entered" classname="User Management" time="11.807">
    <error message="element click intercepted: Element &lt;select class=&quot;form-control ng-untouched ng-pristine ng-invalid&quot; name=&quot;role&quot; required=&quot;&quot;&gt;...&lt;/select&gt; is not clickable at point (646, 592). Other element would receive the click: &lt;div class=&quot;block-ui-wrapper container-blockui block-ui-wrapper--element active&quot;&gt;...&lt;/div&gt;&#10;  (Session info: chrome=81.0.4044.129)&#10;Build info: version: &apos;3.10.0&apos;, revision: &apos;176b4a9&apos;, time: &apos;2018-03-02T19:03:16.397Z&apos;&#10;System info: host: &apos;PAYALQA&apos;, ip: &apos;192.168.1.18&apos;, os.name: &apos;Windows 10&apos;, os.arch: &apos;amd64&apos;, os.version: &apos;10.0&apos;, java.version: &apos;11.0.2&apos;&#10;Driver info: org.openqa.selenium.remote.RemoteWebDriver&#10;Capabilities {acceptInsecureCerts: false, browserName: chrome, browserVersion: 81.0.4044.129, chrome: {chromedriverVersion: 81.0.4044.69 (6813546031a4b..., userDataDir: C:\Users\Payal\AppData\Loca...}, goog:chromeOptions: {debuggerAddress: localhost:64191}, javascriptEnabled: true, networkConnectionEnabled: false, pageLoadStrategy: normal, platform: WINDOWS, platformName: WINDOWS, proxy: Proxy(), setWindowRect: true, strictFileInteractability: false, timeouts: {implicit: 0, pageLoad: 300000, script: 30000}, unhandledPromptBehavior: dismiss and notify, webauthn:virtualAuthenticators: true}&#10;Session ID: 4f4685bcab0dcb8c3b0029ddd32f1050" type="org.openqa.selenium.ElementClickInterceptedException"><![CDATA[org.openqa.selenium.ElementClickInterceptedException: 
element click intercepted: Element <select class="form-control ng-untouched ng-pristine ng-invalid" name="role" required="">...</select> is not clickable at point (646, 592). Other element would receive the click: <div class="block-ui-wrapper container-blockui block-ui-wrapper--element active">...</div>
  (Session info: chrome=81.0.4044.129)
Build info: version: '3.10.0', revision: '176b4a9', time: '2018-03-02T19:03:16.397Z'
System info: host: 'PAYALQA', ip: '192.168.1.18', os.name: 'Windows 10', os.arch: 'amd64', os.version: '10.0', java.version: '11.0.2'
Driver info: org.openqa.selenium.remote.RemoteWebDriver
Capabilities {acceptInsecureCerts: false, browserName: chrome, browserVersion: 81.0.4044.129, chrome: {chromedriverVersion: 81.0.4044.69 (6813546031a4b..., userDataDir: C:\Users\Payal\AppData\Loca...}, goog:chromeOptions: {debuggerAddress: localhost:64191}, javascriptEnabled: true, networkConnectionEnabled: false, pageLoadStrategy: normal, platform: WINDOWS, platformName: WINDOWS, proxy: Proxy(), setWindowRect: true, strictFileInteractability: false, timeouts: {implicit: 0, pageLoad: 300000, script: 30000}, unhandledPromptBehavior: dismiss and notify, webauthn:virtualAuthenticators: true}
Session ID: 4f4685bcab0dcb8c3b0029ddd32f1050
]]></error>
    <system-err><![CDATA[[main] INFO net.serenitybdd.core.Serenity - 
        __    _____ _____ ____ _____   ____   _    ____  ____  _____ ____  
  _     \ \  |_   _| ____/ ___|_   _| |  _ \ / \  / ___|/ ___|| ____|  _ \ 
 (_)_____| |   | | |  _| \___ \ | |   | |_) / _ \ \___ \\___ \|  _| | | | |
  _|_____| |   | | | |___ ___) || |   |  __/ ___ \ ___) |___) | |___| |_| |
 (_)     | |   |_| |_____|____/ |_|   |_| /_/   \_\____/|____/|_____|____/ 
        /_/                                                                

TEST PASSED: User should be able to search when he enters the keyword and hits ‘Enter’ button on keyboard
----------------------------------------------------------------------------
[main] INFO net.serenitybdd.core.Serenity - 
 _____ _____ ____ _____   ____ _____  _    ____ _____ _____ ____  
|_   _| ____/ ___|_   _| / ___|_   _|/ \  |  _ \_   _| ____|  _ \ 
  | | |  _| \___ \ | |   \___ \ | | / _ \ | |_) || | |  _| | | | |
  | | | |___ ___) || |    ___) || |/ ___ \|  _ < | | | |___| |_| |
  |_| |_____|____/ |_|   |____/ |_/_/   \_\_| \_\|_| |_____|____/ 
                                                                  

TEST STARTED: Create an admin and cross verify the detail entered
-------------------------------------------------------------------(user-management;create-an-admin-and-cross-verify-the-detail-entered)
[main] INFO utilities.ConfigLoader - Running the tests against:test
[1588841523.728][SEVERE]: Timed out receiving message from renderer: 0.100
[main] INFO utilities.ConfigLoader - Running the tests against:test
[main] ERROR net.serenitybdd.core.Serenity - 
           __  _____ _____ ____ _____   _____ _    ___ _     _____ ____  
  _       / / |_   _| ____/ ___|_   _| |  ___/ \  |_ _| |   | ____|  _ \ 
 (_)_____| |    | | |  _| \___ \ | |   | |_ / _ \  | || |   |  _| | | | |
  _|_____| |    | | | |___ ___) || |   |  _/ ___ \ | || |___| |___| |_| |
 (_)     | |    |_| |_____|____/ |_|   |_|/_/   \_\___|_____|_____|____/ 
          \_\                                                            

TEST FAILED WITH ERROR: Create an admin and cross verify the detail entered
---------------------------------------------------------------------
[main] ERROR net.serenitybdd.core.Serenity - TEST FAILED AT STEP And User select Client Admin as the user role
[main] ERROR net.serenitybdd.core.Serenity - element click intercepted: Element <select class="form-control ng-untouched ng-pristine ng-invalid" name="role" required="">...</select> is not clickable at point (646, 592). Other element would receive the click: <div class="block-ui-wrapper container-blockui block-ui-wrapper--element active">...</div>
]]></system-err>
  </testcase>
  <testcase name="Create a personnel and cross verify the detail entered" classname="User Management" time="19.458"/>
  <testcase name="To verify validations on add user screen" classname="User Management" time="9.395"/>
  <testcase name="Edit an existing user from vendor list screen and cross verify the modification" classname="User Management" time="28.581">
    <error message="Timed out after 20000 milliseconds: net.serenitybdd.core.pages.RenderedPageObjectView$2@191f4d65&#10;Build info: version: &apos;3.10.0&apos;, revision: &apos;176b4a9&apos;, time: &apos;2018-03-02T19:03:16.397Z&apos;&#10;System info: host: &apos;PAYALQA&apos;, ip: &apos;192.168.1.18&apos;, os.name: &apos;Windows 10&apos;, os.arch: &apos;amd64&apos;, os.version: &apos;10.0&apos;, java.version: &apos;11.0.2&apos;&#10;Driver info: driver.version: unknown" type="org.openqa.selenium.TimeoutException">org.openqa.selenium.TimeoutException: 
Timed out after 20000 milliseconds: net.serenitybdd.core.pages.RenderedPageObjectView$2@191f4d65
Build info: version: '3.10.0', revision: '176b4a9', time: '2018-03-02T19:03:16.397Z'
System info: host: 'PAYALQA', ip: '192.168.1.18', os.name: 'Windows 10', os.arch: 'amd64', os.version: '10.0', java.version: '11.0.2'
Driver info: driver.version: unknown
</error>
    <system-err><![CDATA[[main] INFO net.serenitybdd.core.Serenity - 
        __    _____ _____ ____ _____   ____   _    ____  ____  _____ ____  
  _     \ \  |_   _| ____/ ___|_   _| |  _ \ / \  / ___|/ ___|| ____|  _ \ 
 (_)_____| |   | | |  _| \___ \ | |   | |_) / _ \ \___ \\___ \|  _| | | | |
  _|_____| |   | | | |___ ___) || |   |  __/ ___ \ ___) |___) | |___| |_| |
 (_)     | |   |_| |_____|____/ |_|   |_| /_/   \_\____/|____/|_____|____/ 
        /_/                                                                

TEST PASSED: To verify validations on add user screen
----------------------------------------------------------------------------
[main] INFO net.serenitybdd.core.Serenity - 
 _____ _____ ____ _____   ____ _____  _    ____ _____ _____ ____  
|_   _| ____/ ___|_   _| / ___|_   _|/ \  |  _ \_   _| ____|  _ \ 
  | | |  _| \___ \ | |   \___ \ | | / _ \ | |_) || | |  _| | | | |
  | | | |___ ___) || |    ___) || |/ ___ \|  _ < | | | |___| |_| |
  |_| |_____|____/ |_|   |____/ |_/_/   \_\_| \_\|_| |_____|____/ 
                                                                  

TEST STARTED: Edit an existing user from vendor list screen and cross verify the modification
-------------------------------------------------------------------(user-management;edit-an-existing-user-from-vendor-list-screen-and-cross-verify-the-modification)
[main] INFO utilities.ConfigLoader - Running the tests against:test
[1588841564.367][SEVERE]: Timed out receiving message from renderer: 0.100
[main] INFO utilities.ConfigLoader - Running the tests against:test
[main] INFO utilities.ConfigLoader - Running the tests against:test
[main] ERROR net.serenitybdd.core.Serenity - 
           __  _____ _____ ____ _____   _____ _    ___ _     _____ ____  
  _       / / |_   _| ____/ ___|_   _| |  ___/ \  |_ _| |   | ____|  _ \ 
 (_)_____| |    | | |  _| \___ \ | |   | |_ / _ \  | || |   |  _| | | | |
  _|_____| |    | | | |___ ___) || |   |  _/ ___ \ | || |___| |___| |_| |
 (_)     | |    |_| |_____|____/ |_|   |_|/_/   \_\___|_____|_____|____/ 
          \_\                                                            

TEST FAILED WITH ERROR: Edit an existing user from vendor list screen and cross verify the modification
---------------------------------------------------------------------
[main] ERROR net.serenitybdd.core.Serenity - TEST FAILED AT STEP When User enters all the field in user screen
[main] ERROR net.serenitybdd.core.Serenity - Timed out after 20000 milliseconds: net.serenitybdd.core.pages.RenderedPageObjectView$2@191f4d65
]]></system-err>
  </testcase>
  <testcase name="Edit an existing user from user list screen and cross verify the modification" classname="User Management" time="30.721">
    <error message="Timed out after 20000 milliseconds: net.serenitybdd.core.pages.RenderedPageObjectView$2@1bfa3893&#10;Build info: version: &apos;3.10.0&apos;, revision: &apos;176b4a9&apos;, time: &apos;2018-03-02T19:03:16.397Z&apos;&#10;System info: host: &apos;PAYALQA&apos;, ip: &apos;192.168.1.18&apos;, os.name: &apos;Windows 10&apos;, os.arch: &apos;amd64&apos;, os.version: &apos;10.0&apos;, java.version: &apos;11.0.2&apos;&#10;Driver info: driver.version: unknown" type="org.openqa.selenium.TimeoutException">org.openqa.selenium.TimeoutException: 
Timed out after 20000 milliseconds: net.serenitybdd.core.pages.RenderedPageObjectView$2@1bfa3893
Build info: version: '3.10.0', revision: '176b4a9', time: '2018-03-02T19:03:16.397Z'
System info: host: 'PAYALQA', ip: '192.168.1.18', os.name: 'Windows 10', os.arch: 'amd64', os.version: '10.0', java.version: '11.0.2'
Driver info: driver.version: unknown
</error>
    <system-err><![CDATA[[main] ERROR net.serenitybdd.core.Serenity - 
           __  _____ _____ ____ _____   _____ _    ___ _     _____ ____  
  _       / / |_   _| ____/ ___|_   _| |  ___/ \  |_ _| |   | ____|  _ \ 
 (_)_____| |    | | |  _| \___ \ | |   | |_ / _ \  | || |   |  _| | | | |
  _|_____| |    | | | |___ ___) || |   |  _/ ___ \ | || |___| |___| |_| |
 (_)     | |    |_| |_____|____/ |_|   |_|/_/   \_\___|_____|_____|____/ 
          \_\                                                            

TEST FAILED WITH ERROR: Edit an existing user from vendor list screen and cross verify the modification
---------------------------------------------------------------------
[main] ERROR net.serenitybdd.core.Serenity - TEST FAILED AT STEP When User enters all the field in user screen
[main] ERROR net.serenitybdd.core.Serenity - Timed out after 20000 milliseconds: net.serenitybdd.core.pages.RenderedPageObjectView$2@191f4d65
[main] INFO net.serenitybdd.core.Serenity - 
 _____ _____ ____ _____   ____ _____  _    ____ _____ _____ ____  
|_   _| ____/ ___|_   _| / ___|_   _|/ \  |  _ \_   _| ____|  _ \ 
  | | |  _| \___ \ | |   \___ \ | | / _ \ | |_) || | |  _| | | | |
  | | | |___ ___) || |    ___) || |/ ___ \|  _ < | | | |___| |_| |
  |_| |_____|____/ |_|   |____/ |_/_/   \_\_| \_\|_| |_____|____/ 
                                                                  

TEST STARTED: Edit an existing user from user list screen and cross verify the modification
-------------------------------------------------------------------(user-management;edit-an-existing-user-from-user-list-screen-and-cross-verify-the-modification)
[main] INFO utilities.ConfigLoader - Running the tests against:test
[1588841593.056][SEVERE]: Timed out receiving message from renderer: 0.100
[main] INFO utilities.ConfigLoader - Running the tests against:test
[main] INFO utilities.ConfigLoader - Running the tests against:test
[main] ERROR net.serenitybdd.core.Serenity - 
           __  _____ _____ ____ _____   _____ _    ___ _     _____ ____  
  _       / / |_   _| ____/ ___|_   _| |  ___/ \  |_ _| |   | ____|  _ \ 
 (_)_____| |    | | |  _| \___ \ | |   | |_ / _ \  | || |   |  _| | | | |
  _|_____| |    | | | |___ ___) || |   |  _/ ___ \ | || |___| |___| |_| |
 (_)     | |    |_| |_____|____/ |_|   |_|/_/   \_\___|_____|_____|____/ 
          \_\                                                            

TEST FAILED WITH ERROR: Edit an existing user from user list screen and cross verify the modification
---------------------------------------------------------------------
[main] ERROR net.serenitybdd.core.Serenity - TEST FAILED AT STEP And User enters all the field in user screen
[main] ERROR net.serenitybdd.core.Serenity - Timed out after 20000 milliseconds: net.serenitybdd.core.pages.RenderedPageObjectView$2@1bfa3893
]]></system-err>
  </testcase>
  <testcase name="Deactivate user from user list screen" classname="User Management" time="12.945"/>
  <testcase name="Deactivate user from user detail screen and cross verify the status" classname="User Management" time="22.838"/>
  <testcase name="Filter the user list upon selecting role" classname="User Management" time="17.416"/>
  <testcase name="Filter the user list upon selecting role" classname="User Management" time="19.24"/>
  <testcase name="Filter the user list upon selecting status" classname="User Management" time="17.691"/>
  <testcase name="Filter the user list upon selecting status" classname="User Management" time="19.208"/>
  <testcase name="User should be able to search when he enters the keyword and clicks on &apos;Filter&apos; button" classname="User Management" time="14.631"/>
  <testcase name="User should be able to search when he enters the keyword and hits ‘Enter’ button on keyboard" classname="User Management" time="14.022"/>
  <testcase name="The functionality of &quot;Delete&quot; icon on the user list screen" classname="User Management" time="8.202">
    <error message="no such alert&#10;  (Session info: chrome=81.0.4044.129)&#10;Build info: version: &apos;3.10.0&apos;, revision: &apos;176b4a9&apos;, time: &apos;2018-03-02T19:03:16.397Z&apos;&#10;System info: host: &apos;PAYALQA&apos;, ip: &apos;192.168.1.18&apos;, os.name: &apos;Windows 10&apos;, os.arch: &apos;amd64&apos;, os.version: &apos;10.0&apos;, java.version: &apos;11.0.2&apos;&#10;Driver info: org.openqa.selenium.remote.RemoteWebDriver&#10;Capabilities {acceptInsecureCerts: false, browserName: chrome, browserVersion: 81.0.4044.129, chrome: {chromedriverVersion: 81.0.4044.69 (6813546031a4b..., userDataDir: C:\Users\Payal\AppData\Loca...}, goog:chromeOptions: {debuggerAddress: localhost:64191}, javascriptEnabled: true, networkConnectionEnabled: false, pageLoadStrategy: normal, platform: WINDOWS, platformName: WINDOWS, proxy: Proxy(), setWindowRect: true, strictFileInteractability: false, timeouts: {implicit: 0, pageLoad: 300000, script: 30000}, unhandledPromptBehavior: dismiss and notify, webauthn:virtualAuthenticators: true}&#10;Session ID: 4f4685bcab0dcb8c3b0029ddd32f1050" type="org.openqa.selenium.NoAlertPresentException">org.openqa.selenium.NoAlertPresentException: 
no such alert
  (Session info: chrome=81.0.4044.129)
Build info: version: '3.10.0', revision: '176b4a9', time: '2018-03-02T19:03:16.397Z'
System info: host: 'PAYALQA', ip: '192.168.1.18', os.name: 'Windows 10', os.arch: 'amd64', os.version: '10.0', java.version: '11.0.2'
Driver info: org.openqa.selenium.remote.RemoteWebDriver
Capabilities {acceptInsecureCerts: false, browserName: chrome, browserVersion: 81.0.4044.129, chrome: {chromedriverVersion: 81.0.4044.69 (6813546031a4b..., userDataDir: C:\Users\Payal\AppData\Loca...}, goog:chromeOptions: {debuggerAddress: localhost:64191}, javascriptEnabled: true, networkConnectionEnabled: false, pageLoadStrategy: normal, platform: WINDOWS, platformName: WINDOWS, proxy: Proxy(), setWindowRect: true, strictFileInteractability: false, timeouts: {implicit: 0, pageLoad: 300000, script: 30000}, unhandledPromptBehavior: dismiss and notify, webauthn:virtualAuthenticators: true}
Session ID: 4f4685bcab0dcb8c3b0029ddd32f1050
</error>
    <system-err><![CDATA[[main] INFO net.serenitybdd.core.Serenity - 
        __    _____ _____ ____ _____   ____   _    ____  ____  _____ ____  
  _     \ \  |_   _| ____/ ___|_   _| |  _ \ / \  / ___|/ ___|| ____|  _ \ 
 (_)_____| |   | | |  _| \___ \ | |   | |_) / _ \ \___ \\___ \|  _| | | | |
  _|_____| |   | | | |___ ___) || |   |  __/ ___ \ ___) |___) | |___| |_| |
 (_)     | |   |_| |_____|____/ |_|   |_| /_/   \_\____/|____/|_____|____/ 
        /_/                                                                

TEST PASSED: User should be able to search when he enters the keyword and hits ‘Enter’ button on keyboard
----------------------------------------------------------------------------
[main] INFO net.serenitybdd.core.Serenity - 
 _____ _____ ____ _____   ____ _____  _    ____ _____ _____ ____  
|_   _| ____/ ___|_   _| / ___|_   _|/ \  |  _ \_   _| ____|  _ \ 
  | | |  _| \___ \ | |   \___ \ | | / _ \ | |_) || | |  _| | | | |
  | | | |___ ___) || |    ___) || |/ ___ \|  _ < | | | |___| |_| |
  |_| |_____|____/ |_|   |____/ |_/_/   \_\_| \_\|_| |_____|____/ 
                                                                  

TEST STARTED: The functionality of "Delete" icon on the user list screen
-------------------------------------------------------------------(user-management;the-functionality-of-"delete"-icon-on-the-user-list-screen)
[main] INFO utilities.ConfigLoader - Running the tests against:test
[1588841763.338][SEVERE]: Timed out receiving message from renderer: 0.100
[main] INFO utilities.ConfigLoader - Running the tests against:test
[main] ERROR net.serenitybdd.core.Serenity - 
           __  _____ _____ ____ _____   _____ _    ___ _     _____ ____  
  _       / / |_   _| ____/ ___|_   _| |  ___/ \  |_ _| |   | ____|  _ \ 
 (_)_____| |    | | |  _| \___ \ | |   | |_ / _ \  | || |   |  _| | | | |
  _|_____| |    | | | |___ ___) || |   |  _/ ___ \ | || |___| |___| |_| |
 (_)     | |    |_| |_____|____/ |_|   |_|/_/   \_\___|_____|_____|____/ 
          \_\                                                            

TEST FAILED WITH ERROR: The functionality of "Delete" icon on the user list screen
---------------------------------------------------------------------
[main] ERROR net.serenitybdd.core.Serenity - TEST FAILED AT STEP And User clicks on 'OK' option in the confirmation popup
[main] ERROR net.serenitybdd.core.Serenity - no such alert
]]></system-err>
  </testcase>
  <testcase name="The functionality of &quot;Delete&quot; button on the user detail screen" classname="User Management" time="9.852">
    <error message="no such alert&#10;  (Session info: chrome=81.0.4044.129)&#10;Build info: version: &apos;3.10.0&apos;, revision: &apos;176b4a9&apos;, time: &apos;2018-03-02T19:03:16.397Z&apos;&#10;System info: host: &apos;PAYALQA&apos;, ip: &apos;192.168.1.18&apos;, os.name: &apos;Windows 10&apos;, os.arch: &apos;amd64&apos;, os.version: &apos;10.0&apos;, java.version: &apos;11.0.2&apos;&#10;Driver info: org.openqa.selenium.remote.RemoteWebDriver&#10;Capabilities {acceptInsecureCerts: false, browserName: chrome, browserVersion: 81.0.4044.129, chrome: {chromedriverVersion: 81.0.4044.69 (6813546031a4b..., userDataDir: C:\Users\Payal\AppData\Loca...}, goog:chromeOptions: {debuggerAddress: localhost:64191}, javascriptEnabled: true, networkConnectionEnabled: false, pageLoadStrategy: normal, platform: WINDOWS, platformName: WINDOWS, proxy: Proxy(), setWindowRect: true, strictFileInteractability: false, timeouts: {implicit: 0, pageLoad: 300000, script: 30000}, unhandledPromptBehavior: dismiss and notify, webauthn:virtualAuthenticators: true}&#10;Session ID: 4f4685bcab0dcb8c3b0029ddd32f1050" type="org.openqa.selenium.NoAlertPresentException">org.openqa.selenium.NoAlertPresentException: 
no such alert
  (Session info: chrome=81.0.4044.129)
Build info: version: '3.10.0', revision: '176b4a9', time: '2018-03-02T19:03:16.397Z'
System info: host: 'PAYALQA', ip: '192.168.1.18', os.name: 'Windows 10', os.arch: 'amd64', os.version: '10.0', java.version: '11.0.2'
Driver info: org.openqa.selenium.remote.RemoteWebDriver
Capabilities {acceptInsecureCerts: false, browserName: chrome, browserVersion: 81.0.4044.129, chrome: {chromedriverVersion: 81.0.4044.69 (6813546031a4b..., userDataDir: C:\Users\Payal\AppData\Loca...}, goog:chromeOptions: {debuggerAddress: localhost:64191}, javascriptEnabled: true, networkConnectionEnabled: false, pageLoadStrategy: normal, platform: WINDOWS, platformName: WINDOWS, proxy: Proxy(), setWindowRect: true, strictFileInteractability: false, timeouts: {implicit: 0, pageLoad: 300000, script: 30000}, unhandledPromptBehavior: dismiss and notify, webauthn:virtualAuthenticators: true}
Session ID: 4f4685bcab0dcb8c3b0029ddd32f1050
</error>
    <system-err><![CDATA[[main] ERROR net.serenitybdd.core.Serenity - 
           __  _____ _____ ____ _____   _____ _    ___ _     _____ ____  
  _       / / |_   _| ____/ ___|_   _| |  ___/ \  |_ _| |   | ____|  _ \ 
 (_)_____| |    | | |  _| \___ \ | |   | |_ / _ \  | || |   |  _| | | | |
  _|_____| |    | | | |___ ___) || |   |  _/ ___ \ | || |___| |___| |_| |
 (_)     | |    |_| |_____|____/ |_|   |_|/_/   \_\___|_____|_____|____/ 
          \_\                                                            

TEST FAILED WITH ERROR: The functionality of "Delete" icon on the user list screen
---------------------------------------------------------------------
[main] ERROR net.serenitybdd.core.Serenity - TEST FAILED AT STEP And User clicks on 'OK' option in the confirmation popup
[main] ERROR net.serenitybdd.core.Serenity - no such alert
[main] INFO net.serenitybdd.core.Serenity - 
 _____ _____ ____ _____   ____ _____  _    ____ _____ _____ ____  
|_   _| ____/ ___|_   _| / ___|_   _|/ \  |  _ \_   _| ____|  _ \ 
  | | |  _| \___ \ | |   \___ \ | | / _ \ | |_) || | |  _| | | | |
  | | | |___ ___) || |    ___) || |/ ___ \|  _ < | | | |___| |_| |
  |_| |_____|____/ |_|   |____/ |_/_/   \_\_| \_\|_| |_____|____/ 
                                                                  

TEST STARTED: The functionality of "Delete" button on the user detail screen
-------------------------------------------------------------------(user-management;the-functionality-of-"delete"-button-on-the-user-detail-screen)
[main] INFO utilities.ConfigLoader - Running the tests against:test
[1588841771.602][SEVERE]: Timed out receiving message from renderer: 0.100
[main] INFO utilities.ConfigLoader - Running the tests against:test
[main] ERROR net.serenitybdd.core.Serenity - 
           __  _____ _____ ____ _____   _____ _    ___ _     _____ ____  
  _       / / |_   _| ____/ ___|_   _| |  ___/ \  |_ _| |   | ____|  _ \ 
 (_)_____| |    | | |  _| \___ \ | |   | |_ / _ \  | || |   |  _| | | | |
  _|_____| |    | | | |___ ___) || |   |  _/ ___ \ | || |___| |___| |_| |
 (_)     | |    |_| |_____|____/ |_|   |_|/_/   \_\___|_____|_____|____/ 
          \_\                                                            

TEST FAILED WITH ERROR: The functionality of "Delete" button on the user detail screen
---------------------------------------------------------------------
[main] ERROR net.serenitybdd.core.Serenity - TEST FAILED AT STEP And User clicks on 'OK' option in the confirmation popup
[main] ERROR net.serenitybdd.core.Serenity - no such alert
]]></system-err>
  </testcase>
  <testcase name="User valid Login with all user roles" classname="Login functionality for Work Order Web" time="8.163"/>
  <testcase name="User valid Login with all user roles" classname="Login functionality for Work Order Web" time="4.861"/>
  <testcase name="User valid Login with all user roles" classname="Login functionality for Work Order Web" time="11.329"/>
  <testcase name="Invalid User Login" classname="Login functionality for Work Order Web" time="3.468"/>
  <testcase name="User Login with invalid credentials" classname="Login functionality for Work Order Web" time="3.397"/>
  <testcase name="User Login with invalid credentials" classname="Login functionality for Work Order Web" time="5.816"/>
  <testcase name="Create a vendor and cross verify the detail entered" classname="Vendor Management" time="8.807">
    <error message="element click intercepted: Element &lt;select class=&quot;form-control ng-untouched ng-pristine ng-invalid&quot; name=&quot;vendorTypeId&quot; required=&quot;&quot;&gt;...&lt;/select&gt; is not clickable at point (725, 159). Other element would receive the click: &lt;div class=&quot;block-ui-wrapper container-blockui block-ui-wrapper--element active&quot;&gt;...&lt;/div&gt;&#10;  (Session info: chrome=81.0.4044.129)&#10;Build info: version: &apos;3.10.0&apos;, revision: &apos;176b4a9&apos;, time: &apos;2018-03-02T19:03:16.397Z&apos;&#10;System info: host: &apos;PAYALQA&apos;, ip: &apos;192.168.1.18&apos;, os.name: &apos;Windows 10&apos;, os.arch: &apos;amd64&apos;, os.version: &apos;10.0&apos;, java.version: &apos;11.0.2&apos;&#10;Driver info: org.openqa.selenium.remote.RemoteWebDriver&#10;Capabilities {acceptInsecureCerts: false, browserName: chrome, browserVersion: 81.0.4044.129, chrome: {chromedriverVersion: 81.0.4044.69 (6813546031a4b..., userDataDir: C:\Users\Payal\AppData\Loca...}, goog:chromeOptions: {debuggerAddress: localhost:64191}, javascriptEnabled: true, networkConnectionEnabled: false, pageLoadStrategy: normal, platform: WINDOWS, platformName: WINDOWS, proxy: Proxy(), setWindowRect: true, strictFileInteractability: false, timeouts: {implicit: 0, pageLoad: 300000, script: 30000}, unhandledPromptBehavior: dismiss and notify, webauthn:virtualAuthenticators: true}&#10;Session ID: 4f4685bcab0dcb8c3b0029ddd32f1050" type="org.openqa.selenium.ElementClickInterceptedException"><![CDATA[org.openqa.selenium.ElementClickInterceptedException: 
element click intercepted: Element <select class="form-control ng-untouched ng-pristine ng-invalid" name="vendorTypeId" required="">...</select> is not clickable at point (725, 159). Other element would receive the click: <div class="block-ui-wrapper container-blockui block-ui-wrapper--element active">...</div>
  (Session info: chrome=81.0.4044.129)
Build info: version: '3.10.0', revision: '176b4a9', time: '2018-03-02T19:03:16.397Z'
System info: host: 'PAYALQA', ip: '192.168.1.18', os.name: 'Windows 10', os.arch: 'amd64', os.version: '10.0', java.version: '11.0.2'
Driver info: org.openqa.selenium.remote.RemoteWebDriver
Capabilities {acceptInsecureCerts: false, browserName: chrome, browserVersion: 81.0.4044.129, chrome: {chromedriverVersion: 81.0.4044.69 (6813546031a4b..., userDataDir: C:\Users\Payal\AppData\Loca...}, goog:chromeOptions: {debuggerAddress: localhost:64191}, javascriptEnabled: true, networkConnectionEnabled: false, pageLoadStrategy: normal, platform: WINDOWS, platformName: WINDOWS, proxy: Proxy(), setWindowRect: true, strictFileInteractability: false, timeouts: {implicit: 0, pageLoad: 300000, script: 30000}, unhandledPromptBehavior: dismiss and notify, webauthn:virtualAuthenticators: true}
Session ID: 4f4685bcab0dcb8c3b0029ddd32f1050
]]></error>
    <system-err><![CDATA[[main] INFO net.serenitybdd.core.Serenity - 
        __    _____ _____ ____ _____   ____   _    ____  ____  _____ ____  
  _     \ \  |_   _| ____/ ___|_   _| |  _ \ / \  / ___|/ ___|| ____|  _ \ 
 (_)_____| |   | | |  _| \___ \ | |   | |_) / _ \ \___ \\___ \|  _| | | | |
  _|_____| |   | | | |___ ___) || |   |  __/ ___ \ ___) |___) | |___| |_| |
 (_)     | |   |_| |_____|____/ |_|   |_| /_/   \_\____/|____/|_____|____/ 
        /_/                                                                

TEST PASSED: User Login with invalid credentials
----------------------------------------------------------------------------
[main] INFO net.serenitybdd.core.Serenity - 
 _____ _____ ____ _____   ____ _____  _    ____ _____ _____ ____  
|_   _| ____/ ___|_   _| / ___|_   _|/ \  |  _ \_   _| ____|  _ \ 
  | | |  _| \___ \ | |   \___ \ | | / _ \ | |_) || | |  _| | | | |
  | | | |___ ___) || |    ___) || |/ ___ \|  _ < | | | |___| |_| |
  |_| |_____|____/ |_|   |____/ |_/_/   \_\_| \_\|_| |_____|____/ 
                                                                  

TEST STARTED: Create a vendor and cross verify the detail entered
-------------------------------------------------------------------(vendor-management;create-a-vendor-and-cross-verify-the-detail-entered)
[main] INFO utilities.ConfigLoader - Running the tests against:test
[1588841820.392][SEVERE]: Timed out receiving message from renderer: 0.100
[main] INFO utilities.ConfigLoader - Running the tests against:test
[main] ERROR net.serenitybdd.core.Serenity - 
           __  _____ _____ ____ _____   _____ _    ___ _     _____ ____  
  _       / / |_   _| ____/ ___|_   _| |  ___/ \  |_ _| |   | ____|  _ \ 
 (_)_____| |    | | |  _| \___ \ | |   | |_ / _ \  | || |   |  _| | | | |
  _|_____| |    | | | |___ ___) || |   |  _/ ___ \ | || |___| |___| |_| |
 (_)     | |    |_| |_____|____/ |_|   |_|/_/   \_\___|_____|_____|____/ 
          \_\                                                            

TEST FAILED WITH ERROR: Create a vendor and cross verify the detail entered
---------------------------------------------------------------------
[main] ERROR net.serenitybdd.core.Serenity - TEST FAILED AT STEP When User enters all the field
[main] ERROR net.serenitybdd.core.Serenity - element click intercepted: Element <select class="form-control ng-untouched ng-pristine ng-invalid" name="vendorTypeId" required="">...</select> is not clickable at point (725, 159). Other element would receive the click: <div class="block-ui-wrapper container-blockui block-ui-wrapper--element active">...</div>
]]></system-err>
  </testcase>
  <testcase name="To verify validations on add vendor screen" classname="Vendor Management" time="10.274"/>
  <testcase name="Edit an existing vendor from vendor list screen and cross verify the modification" classname="Vendor Management" time="21.117">
    <failure message="expected:&lt;[]VendorhDP&gt; but was:&lt;[testtt]VendorhDP&gt;" type="org.junit.ComparisonFailure"><![CDATA[org.junit.ComparisonFailure: expected:<[]VendorhDP> but was:<[testtt]VendorhDP>
]]></failure>
    <system-err><![CDATA[[main] INFO net.serenitybdd.core.Serenity - 
        __    _____ _____ ____ _____   ____   _    ____  ____  _____ ____  
  _     \ \  |_   _| ____/ ___|_   _| |  _ \ / \  / ___|/ ___|| ____|  _ \ 
 (_)_____| |   | | |  _| \___ \ | |   | |_) / _ \ \___ \\___ \|  _| | | | |
  _|_____| |   | | | |___ ___) || |   |  __/ ___ \ ___) |___) | |___| |_| |
 (_)     | |   |_| |_____|____/ |_|   |_| /_/   \_\____/|____/|_____|____/ 
        /_/                                                                

TEST PASSED: To verify validations on add vendor screen
----------------------------------------------------------------------------
[main] INFO net.serenitybdd.core.Serenity - 
 _____ _____ ____ _____   ____ _____  _    ____ _____ _____ ____  
|_   _| ____/ ___|_   _| / ___|_   _|/ \  |  _ \_   _| ____|  _ \ 
  | | |  _| \___ \ | |   \___ \ | | / _ \ | |_) || | |  _| | | | |
  | | | |___ ___) || |    ___) || |/ ___ \|  _ < | | | |___| |_| |
  |_| |_____|____/ |_|   |____/ |_/_/   \_\_| \_\|_| |_____|____/ 
                                                                  

TEST STARTED: Edit an existing vendor from vendor list screen and cross verify the modification
-------------------------------------------------------------------(vendor-management;edit-an-existing-vendor-from-vendor-list-screen-and-cross-verify-the-modification)
[main] INFO utilities.ConfigLoader - Running the tests against:test
[1588841839.272][SEVERE]: Timed out receiving message from renderer: 0.100
[1588841839.400][SEVERE]: Timed out receiving message from renderer: 0.100
[main] INFO utilities.ConfigLoader - Running the tests against:test
[main] ERROR net.serenitybdd.core.Serenity - 
           __  _____ _____ ____ _____   _____ _    ___ _     _____ ____  
  _       / / |_   _| ____/ ___|_   _| |  ___/ \  |_ _| |   | ____|  _ \ 
 (_)_____| |    | | |  _| \___ \ | |   | |_ / _ \  | || |   |  _| | | | |
  _|_____| |    | | | |___ ___) || |   |  _/ ___ \ | || |___| |___| |_| |
 (_)     | |    |_| |_____|____/ |_|   |_|/_/   \_\___|_____|_____|____/ 
          \_\                                                            

TEST FAILED: Edit an existing vendor from vendor list screen and cross verify the modification
--------------------------------------------------------------------------
[main] ERROR net.serenitybdd.core.Serenity - TEST FAILED AT STEP And User verify vendor detail screen
[main] ERROR net.serenitybdd.core.Serenity - expected:<[]VendorhDP> but was:<[testtt]VendorhDP>
]]></system-err>
  </testcase>
  <testcase name="Edit an existing vendor from vendor detail screen and cross verify the modification" classname="Vendor Management" time="30.372">
    <error message="Timed out after 20000 milliseconds: net.serenitybdd.core.pages.RenderedPageObjectView$2@7976e536&#10;Build info: version: &apos;3.10.0&apos;, revision: &apos;176b4a9&apos;, time: &apos;2018-03-02T19:03:16.397Z&apos;&#10;System info: host: &apos;PAYALQA&apos;, ip: &apos;192.168.1.18&apos;, os.name: &apos;Windows 10&apos;, os.arch: &apos;amd64&apos;, os.version: &apos;10.0&apos;, java.version: &apos;11.0.2&apos;&#10;Driver info: driver.version: unknown" type="org.openqa.selenium.TimeoutException">org.openqa.selenium.TimeoutException: 
Timed out after 20000 milliseconds: net.serenitybdd.core.pages.RenderedPageObjectView$2@7976e536
Build info: version: '3.10.0', revision: '176b4a9', time: '2018-03-02T19:03:16.397Z'
System info: host: 'PAYALQA', ip: '192.168.1.18', os.name: 'Windows 10', os.arch: 'amd64', os.version: '10.0', java.version: '11.0.2'
Driver info: driver.version: unknown
</error>
    <system-err><![CDATA[[main] ERROR net.serenitybdd.core.Serenity - 
           __  _____ _____ ____ _____   _____ _    ___ _     _____ ____  
  _       / / |_   _| ____/ ___|_   _| |  ___/ \  |_ _| |   | ____|  _ \ 
 (_)_____| |    | | |  _| \___ \ | |   | |_ / _ \  | || |   |  _| | | | |
  _|_____| |    | | | |___ ___) || |   |  _/ ___ \ | || |___| |___| |_| |
 (_)     | |    |_| |_____|____/ |_|   |_|/_/   \_\___|_____|_____|____/ 
          \_\                                                            

TEST FAILED: Edit an existing vendor from vendor list screen and cross verify the modification
--------------------------------------------------------------------------
[main] ERROR net.serenitybdd.core.Serenity - TEST FAILED AT STEP And User verify vendor detail screen
[main] ERROR net.serenitybdd.core.Serenity - expected:<[]VendorhDP> but was:<[testtt]VendorhDP>
[main] INFO net.serenitybdd.core.Serenity - 
 _____ _____ ____ _____   ____ _____  _    ____ _____ _____ ____  
|_   _| ____/ ___|_   _| / ___|_   _|/ \  |  _ \_   _| ____|  _ \ 
  | | |  _| \___ \ | |   \___ \ | | / _ \ | |_) || | |  _| | | | |
  | | | |___ ___) || |    ___) || |/ ___ \|  _ < | | | |___| |_| |
  |_| |_____|____/ |_|   |____/ |_/_/   \_\_| \_\|_| |_____|____/ 
                                                                  

TEST STARTED: Edit an existing vendor from vendor detail screen and cross verify the modification
-------------------------------------------------------------------(vendor-management;edit-an-existing-vendor-from-vendor-detail-screen-and-cross-verify-the-modification)
[main] INFO utilities.ConfigLoader - Running the tests against:test
[1588841860.556][SEVERE]: Timed out receiving message from renderer: 0.100
[main] INFO utilities.ConfigLoader - Running the tests against:test
[main] ERROR net.serenitybdd.core.Serenity - 
           __  _____ _____ ____ _____   _____ _    ___ _     _____ ____  
  _       / / |_   _| ____/ ___|_   _| |  ___/ \  |_ _| |   | ____|  _ \ 
 (_)_____| |    | | |  _| \___ \ | |   | |_ / _ \  | || |   |  _| | | | |
  _|_____| |    | | | |___ ___) || |   |  _/ ___ \ | || |___| |___| |_| |
 (_)     | |    |_| |_____|____/ |_|   |_|/_/   \_\___|_____|_____|____/ 
          \_\                                                            

TEST FAILED WITH ERROR: Edit an existing vendor from vendor detail screen and cross verify the modification
---------------------------------------------------------------------
[main] ERROR net.serenitybdd.core.Serenity - TEST FAILED AT STEP And User enters all the field
[main] ERROR net.serenitybdd.core.Serenity - Timed out after 20000 milliseconds: net.serenitybdd.core.pages.RenderedPageObjectView$2@7976e536
]]></system-err>
  </testcase>
  <testcase name="Adding and editing a note to the Vendor" classname="Vendor Management" time="11.548">
    <error message="element not interactable&#10;  (Session info: chrome=81.0.4044.129)&#10;Build info: version: &apos;3.10.0&apos;, revision: &apos;176b4a9&apos;, time: &apos;2018-03-02T19:03:16.397Z&apos;&#10;System info: host: &apos;PAYALQA&apos;, ip: &apos;192.168.1.18&apos;, os.name: &apos;Windows 10&apos;, os.arch: &apos;amd64&apos;, os.version: &apos;10.0&apos;, java.version: &apos;11.0.2&apos;&#10;Driver info: org.openqa.selenium.remote.RemoteWebDriver&#10;Capabilities {acceptInsecureCerts: false, browserName: chrome, browserVersion: 81.0.4044.129, chrome: {chromedriverVersion: 81.0.4044.69 (6813546031a4b..., userDataDir: C:\Users\Payal\AppData\Loca...}, goog:chromeOptions: {debuggerAddress: localhost:64191}, javascriptEnabled: true, networkConnectionEnabled: false, pageLoadStrategy: normal, platform: WINDOWS, platformName: WINDOWS, proxy: Proxy(), setWindowRect: true, strictFileInteractability: false, timeouts: {implicit: 0, pageLoad: 300000, script: 30000}, unhandledPromptBehavior: dismiss and notify, webauthn:virtualAuthenticators: true}&#10;Session ID: 4f4685bcab0dcb8c3b0029ddd32f1050" type="org.openqa.selenium.ElementNotInteractableException">org.openqa.selenium.ElementNotInteractableException: 
element not interactable
  (Session info: chrome=81.0.4044.129)
Build info: version: '3.10.0', revision: '176b4a9', time: '2018-03-02T19:03:16.397Z'
System info: host: 'PAYALQA', ip: '192.168.1.18', os.name: 'Windows 10', os.arch: 'amd64', os.version: '10.0', java.version: '11.0.2'
Driver info: org.openqa.selenium.remote.RemoteWebDriver
Capabilities {acceptInsecureCerts: false, browserName: chrome, browserVersion: 81.0.4044.129, chrome: {chromedriverVersion: 81.0.4044.69 (6813546031a4b..., userDataDir: C:\Users\Payal\AppData\Loca...}, goog:chromeOptions: {debuggerAddress: localhost:64191}, javascriptEnabled: true, networkConnectionEnabled: false, pageLoadStrategy: normal, platform: WINDOWS, platformName: WINDOWS, proxy: Proxy(), setWindowRect: true, strictFileInteractability: false, timeouts: {implicit: 0, pageLoad: 300000, script: 30000}, unhandledPromptBehavior: dismiss and notify, webauthn:virtualAuthenticators: true}
Session ID: 4f4685bcab0dcb8c3b0029ddd32f1050
</error>
    <system-err><![CDATA[[main] ERROR net.serenitybdd.core.Serenity - 
           __  _____ _____ ____ _____   _____ _    ___ _     _____ ____  
  _       / / |_   _| ____/ ___|_   _| |  ___/ \  |_ _| |   | ____|  _ \ 
 (_)_____| |    | | |  _| \___ \ | |   | |_ / _ \  | || |   |  _| | | | |
  _|_____| |    | | | |___ ___) || |   |  _/ ___ \ | || |___| |___| |_| |
 (_)     | |    |_| |_____|____/ |_|   |_|/_/   \_\___|_____|_____|____/ 
          \_\                                                            

TEST FAILED WITH ERROR: Edit an existing vendor from vendor detail screen and cross verify the modification
---------------------------------------------------------------------
[main] ERROR net.serenitybdd.core.Serenity - TEST FAILED AT STEP And User enters all the field
[main] ERROR net.serenitybdd.core.Serenity - Timed out after 20000 milliseconds: net.serenitybdd.core.pages.RenderedPageObjectView$2@7976e536
[main] INFO net.serenitybdd.core.Serenity - 
 _____ _____ ____ _____   ____ _____  _    ____ _____ _____ ____  
|_   _| ____/ ___|_   _| / ___|_   _|/ \  |  _ \_   _| ____|  _ \ 
  | | |  _| \___ \ | |   \___ \ | | / _ \ | |_) || | |  _| | | | |
  | | | |___ ___) || |    ___) || |/ ___ \|  _ < | | | |___| |_| |
  |_| |_____|____/ |_|   |____/ |_/_/   \_\_| \_\|_| |_____|____/ 
                                                                  

TEST STARTED: Adding and editing a note to the Vendor
-------------------------------------------------------------------(vendor-management;adding-and-editing-a-note-to-the-vendor)
[main] INFO utilities.ConfigLoader - Running the tests against:test
[1588841890.878][SEVERE]: Timed out receiving message from renderer: 0.100
[main] INFO utilities.ConfigLoader - Running the tests against:test
[main] ERROR net.serenitybdd.core.Serenity - 
           __  _____ _____ ____ _____   _____ _    ___ _     _____ ____  
  _       / / |_   _| ____/ ___|_   _| |  ___/ \  |_ _| |   | ____|  _ \ 
 (_)_____| |    | | |  _| \___ \ | |   | |_ / _ \  | || |   |  _| | | | |
  _|_____| |    | | | |___ ___) || |   |  _/ ___ \ | || |___| |___| |_| |
 (_)     | |    |_| |_____|____/ |_|   |_|/_/   \_\___|_____|_____|____/ 
          \_\                                                            

TEST FAILED WITH ERROR: Adding and editing a note to the Vendor
---------------------------------------------------------------------
[main] ERROR net.serenitybdd.core.Serenity - TEST FAILED AT STEP And User enter a note
[main] ERROR net.serenitybdd.core.Serenity - element not interactable
]]></system-err>
  </testcase>
  <testcase name="Notes count associated with a vendor" classname="Vendor Management" time="20.989"/>
  <testcase name="Filter the vendor list upon selecting vendor type" classname="Vendor Management" time="12.954"/>
  <testcase name="User should be able to search when he enters the keyword and clicks on &apos;Filter&apos; button" classname="Vendor Management" time="13.746"/>
  <testcase name="User should be able to search when he enters the keyword and hits ‘Enter’ button on keyboard" classname="Vendor Management" time="13.231"/>
  <testcase name="Integration of filter dropdown and search field" classname="Vendor Management" time="14.238"/>
  <testcase name="To verify the functionality of &quot;Delete&quot; icon on the list view page" classname="Vendor Management" time="8.112">
    <error message="no such alert&#10;  (Session info: chrome=81.0.4044.129)&#10;Build info: version: &apos;3.10.0&apos;, revision: &apos;176b4a9&apos;, time: &apos;2018-03-02T19:03:16.397Z&apos;&#10;System info: host: &apos;PAYALQA&apos;, ip: &apos;192.168.1.18&apos;, os.name: &apos;Windows 10&apos;, os.arch: &apos;amd64&apos;, os.version: &apos;10.0&apos;, java.version: &apos;11.0.2&apos;&#10;Driver info: org.openqa.selenium.remote.RemoteWebDriver&#10;Capabilities {acceptInsecureCerts: false, browserName: chrome, browserVersion: 81.0.4044.129, chrome: {chromedriverVersion: 81.0.4044.69 (6813546031a4b..., userDataDir: C:\Users\Payal\AppData\Loca...}, goog:chromeOptions: {debuggerAddress: localhost:64191}, javascriptEnabled: true, networkConnectionEnabled: false, pageLoadStrategy: normal, platform: WINDOWS, platformName: WINDOWS, proxy: Proxy(), setWindowRect: true, strictFileInteractability: false, timeouts: {implicit: 0, pageLoad: 300000, script: 30000}, unhandledPromptBehavior: dismiss and notify, webauthn:virtualAuthenticators: true}&#10;Session ID: 4f4685bcab0dcb8c3b0029ddd32f1050" type="org.openqa.selenium.NoAlertPresentException">org.openqa.selenium.NoAlertPresentException: 
no such alert
  (Session info: chrome=81.0.4044.129)
Build info: version: '3.10.0', revision: '176b4a9', time: '2018-03-02T19:03:16.397Z'
System info: host: 'PAYALQA', ip: '192.168.1.18', os.name: 'Windows 10', os.arch: 'amd64', os.version: '10.0', java.version: '11.0.2'
Driver info: org.openqa.selenium.remote.RemoteWebDriver
Capabilities {acceptInsecureCerts: false, browserName: chrome, browserVersion: 81.0.4044.129, chrome: {chromedriverVersion: 81.0.4044.69 (6813546031a4b..., userDataDir: C:\Users\Payal\AppData\Loca...}, goog:chromeOptions: {debuggerAddress: localhost:64191}, javascriptEnabled: true, networkConnectionEnabled: false, pageLoadStrategy: normal, platform: WINDOWS, platformName: WINDOWS, proxy: Proxy(), setWindowRect: true, strictFileInteractability: false, timeouts: {implicit: 0, pageLoad: 300000, script: 30000}, unhandledPromptBehavior: dismiss and notify, webauthn:virtualAuthenticators: true}
Session ID: 4f4685bcab0dcb8c3b0029ddd32f1050
</error>
    <system-err><![CDATA[[main] INFO net.serenitybdd.core.Serenity - 
        __    _____ _____ ____ _____   ____   _    ____  ____  _____ ____  
  _     \ \  |_   _| ____/ ___|_   _| |  _ \ / \  / ___|/ ___|| ____|  _ \ 
 (_)_____| |   | | |  _| \___ \ | |   | |_) / _ \ \___ \\___ \|  _| | | | |
  _|_____| |   | | | |___ ___) || |   |  __/ ___ \ ___) |___) | |___| |_| |
 (_)     | |   |_| |_____|____/ |_|   |_| /_/   \_\____/|____/|_____|____/ 
        /_/                                                                

TEST PASSED: Integration of filter dropdown and search field
----------------------------------------------------------------------------
[main] INFO net.serenitybdd.core.Serenity - 
 _____ _____ ____ _____   ____ _____  _    ____ _____ _____ ____  
|_   _| ____/ ___|_   _| / ___|_   _|/ \  |  _ \_   _| ____|  _ \ 
  | | |  _| \___ \ | |   \___ \ | | / _ \ | |_) || | |  _| | | | |
  | | | |___ ___) || |    ___) || |/ ___ \|  _ < | | | |___| |_| |
  |_| |_____|____/ |_|   |____/ |_/_/   \_\_| \_\|_| |_____|____/ 
                                                                  

TEST STARTED: To verify the functionality of "Delete" icon on the list view page
-------------------------------------------------------------------(vendor-management;to-verify-the-functionality-of-"delete"-icon-on-the-list-view-page)
[main] INFO utilities.ConfigLoader - Running the tests against:test
[1588841977.988][SEVERE]: Timed out receiving message from renderer: 0.100
[main] INFO utilities.ConfigLoader - Running the tests against:test
[main] ERROR net.serenitybdd.core.Serenity - 
           __  _____ _____ ____ _____   _____ _    ___ _     _____ ____  
  _       / / |_   _| ____/ ___|_   _| |  ___/ \  |_ _| |   | ____|  _ \ 
 (_)_____| |    | | |  _| \___ \ | |   | |_ / _ \  | || |   |  _| | | | |
  _|_____| |    | | | |___ ___) || |   |  _/ ___ \ | || |___| |___| |_| |
 (_)     | |    |_| |_____|____/ |_|   |_|/_/   \_\___|_____|_____|____/ 
          \_\                                                            

TEST FAILED WITH ERROR: To verify the functionality of "Delete" icon on the list view page
---------------------------------------------------------------------
[main] ERROR net.serenitybdd.core.Serenity - TEST FAILED AT STEP And User clicks on 'OK' option in the confirmation popup
[main] ERROR net.serenitybdd.core.Serenity - no such alert
]]></system-err>
  </testcase>
  <testcase name="To verify the functionality of &quot;Delete&quot; button on the detailed view page" classname="Vendor Management" time="9.846">
    <error message="no such alert&#10;  (Session info: chrome=81.0.4044.129)&#10;Build info: version: &apos;3.10.0&apos;, revision: &apos;176b4a9&apos;, time: &apos;2018-03-02T19:03:16.397Z&apos;&#10;System info: host: &apos;PAYALQA&apos;, ip: &apos;192.168.1.18&apos;, os.name: &apos;Windows 10&apos;, os.arch: &apos;amd64&apos;, os.version: &apos;10.0&apos;, java.version: &apos;11.0.2&apos;&#10;Driver info: org.openqa.selenium.remote.RemoteWebDriver&#10;Capabilities {acceptInsecureCerts: false, browserName: chrome, browserVersion: 81.0.4044.129, chrome: {chromedriverVersion: 81.0.4044.69 (6813546031a4b..., userDataDir: C:\Users\Payal\AppData\Loca...}, goog:chromeOptions: {debuggerAddress: localhost:64191}, javascriptEnabled: true, networkConnectionEnabled: false, pageLoadStrategy: normal, platform: WINDOWS, platformName: WINDOWS, proxy: Proxy(), setWindowRect: true, strictFileInteractability: false, timeouts: {implicit: 0, pageLoad: 300000, script: 30000}, unhandledPromptBehavior: dismiss and notify, webauthn:virtualAuthenticators: true}&#10;Session ID: 4f4685bcab0dcb8c3b0029ddd32f1050" type="org.openqa.selenium.NoAlertPresentException">org.openqa.selenium.NoAlertPresentException: 
no such alert
  (Session info: chrome=81.0.4044.129)
Build info: version: '3.10.0', revision: '176b4a9', time: '2018-03-02T19:03:16.397Z'
System info: host: 'PAYALQA', ip: '192.168.1.18', os.name: 'Windows 10', os.arch: 'amd64', os.version: '10.0', java.version: '11.0.2'
Driver info: org.openqa.selenium.remote.RemoteWebDriver
Capabilities {acceptInsecureCerts: false, browserName: chrome, browserVersion: 81.0.4044.129, chrome: {chromedriverVersion: 81.0.4044.69 (6813546031a4b..., userDataDir: C:\Users\Payal\AppData\Loca...}, goog:chromeOptions: {debuggerAddress: localhost:64191}, javascriptEnabled: true, networkConnectionEnabled: false, pageLoadStrategy: normal, platform: WINDOWS, platformName: WINDOWS, proxy: Proxy(), setWindowRect: true, strictFileInteractability: false, timeouts: {implicit: 0, pageLoad: 300000, script: 30000}, unhandledPromptBehavior: dismiss and notify, webauthn:virtualAuthenticators: true}
Session ID: 4f4685bcab0dcb8c3b0029ddd32f1050
</error>
    <system-err><![CDATA[[main] ERROR net.serenitybdd.core.Serenity - 
           __  _____ _____ ____ _____   _____ _    ___ _     _____ ____  
  _       / / |_   _| ____/ ___|_   _| |  ___/ \  |_ _| |   | ____|  _ \ 
 (_)_____| |    | | |  _| \___ \ | |   | |_ / _ \  | || |   |  _| | | | |
  _|_____| |    | | | |___ ___) || |   |  _/ ___ \ | || |___| |___| |_| |
 (_)     | |    |_| |_____|____/ |_|   |_|/_/   \_\___|_____|_____|____/ 
          \_\                                                            

TEST FAILED WITH ERROR: To verify the functionality of "Delete" icon on the list view page
---------------------------------------------------------------------
[main] ERROR net.serenitybdd.core.Serenity - TEST FAILED AT STEP And User clicks on 'OK' option in the confirmation popup
[main] ERROR net.serenitybdd.core.Serenity - no such alert
[main] INFO net.serenitybdd.core.Serenity - 
 _____ _____ ____ _____   ____ _____  _    ____ _____ _____ ____  
|_   _| ____/ ___|_   _| / ___|_   _|/ \  |  _ \_   _| ____|  _ \ 
  | | |  _| \___ \ | |   \___ \ | | / _ \ | |_) || | |  _| | | | |
  | | | |___ ___) || |    ___) || |/ ___ \|  _ < | | | |___| |_| |
  |_| |_____|____/ |_|   |____/ |_/_/   \_\_| \_\|_| |_____|____/ 
                                                                  

TEST STARTED: To verify the functionality of "Delete" button on the detailed view page
-------------------------------------------------------------------(vendor-management;to-verify-the-functionality-of-"delete"-button-on-the-detailed-view-page)
[main] INFO utilities.ConfigLoader - Running the tests against:test
[1588841986.000][SEVERE]: Timed out receiving message from renderer: 0.100
[1588841986.183][SEVERE]: Timed out receiving message from renderer: 0.100
[main] INFO utilities.ConfigLoader - Running the tests against:test
[main] ERROR net.serenitybdd.core.Serenity - 
           __  _____ _____ ____ _____   _____ _    ___ _     _____ ____  
  _       / / |_   _| ____/ ___|_   _| |  ___/ \  |_ _| |   | ____|  _ \ 
 (_)_____| |    | | |  _| \___ \ | |   | |_ / _ \  | || |   |  _| | | | |
  _|_____| |    | | | |___ ___) || |   |  _/ ___ \ | || |___| |___| |_| |
 (_)     | |    |_| |_____|____/ |_|   |_|/_/   \_\___|_____|_____|____/ 
          \_\                                                            

TEST FAILED WITH ERROR: To verify the functionality of "Delete" button on the detailed view page
---------------------------------------------------------------------
[main] ERROR net.serenitybdd.core.Serenity - TEST FAILED AT STEP And User clicks on 'OK' option in the confirmation popup
[main] ERROR net.serenitybdd.core.Serenity - no such alert
]]></system-err>
  </testcase>
  <testcase name="Create a work order and cross verify the detail entered" classname="Work Order Management" time="0">
    <skipped message="The step &quot;User is on add work order screen&quot; is undefined"/>
    <system-err><![CDATA[[main] ERROR net.serenitybdd.core.Serenity - 
           __  _____ _____ ____ _____   _____ _    ___ _     _____ ____  
  _       / / |_   _| ____/ ___|_   _| |  ___/ \  |_ _| |   | ____|  _ \ 
 (_)_____| |    | | |  _| \___ \ | |   | |_ / _ \  | || |   |  _| | | | |
  _|_____| |    | | | |___ ___) || |   |  _/ ___ \ | || |___| |___| |_| |
 (_)     | |    |_| |_____|____/ |_|   |_|/_/   \_\___|_____|_____|____/ 
          \_\                                                            

TEST FAILED WITH ERROR: To verify the functionality of "Delete" button on the detailed view page
---------------------------------------------------------------------
[main] ERROR net.serenitybdd.core.Serenity - TEST FAILED AT STEP And User clicks on 'OK' option in the confirmation popup
[main] ERROR net.serenitybdd.core.Serenity - no such alert
[main] INFO net.serenitybdd.core.Serenity - 
 _____ _____ ____ _____   ____ _____  _    ____ _____ _____ ____  
|_   _| ____/ ___|_   _| / ___|_   _|/ \  |  _ \_   _| ____|  _ \ 
  | | |  _| \___ \ | |   \___ \ | | / _ \ | |_) || | |  _| | | | |
  | | | |___ ___) || |    ___) || |/ ___ \|  _ < | | | |___| |_| |
  |_| |_____|____/ |_|   |____/ |_/_/   \_\_| \_\|_| |_____|____/ 
                                                                  

TEST STARTED: Create a work order and cross verify the detail entered
-------------------------------------------------------------------(work-order-management;create-a-work-order-and-cross-verify-the-detail-entered)
[main] INFO utilities.ConfigLoader - Running the tests against:test
[1588841995.985][SEVERE]: Timed out receiving message from renderer: 0.100
[main] INFO net.serenitybdd.core.Serenity - TEST PENDING
[main] INFO net.serenitybdd.core.Serenity - TEST PENDING
[main] INFO net.serenitybdd.core.Serenity - TEST PENDING
[main] INFO net.serenitybdd.core.Serenity - 
          __  _____ _____ ____ _____   ____  _____ _   _ ____ ___ _   _  ____ 
 _       / / |_   _| ____/ ___|_   _| |  _ \| ____| \ | |  _ \_ _| \ | |/ ___|
(_)____ / /    | | |  _| \___ \ | |   | |_) |  _| |  \| | | | | ||  \| | |  _ 
 |_____/ /     | | | |___ ___) || |   |  __/| |___| |\  | |_| | || |\  | |_| |
(_)   /_/      |_| |_____|____/ |_|   |_|   |_____|_| \_|____/___|_| \_|\____|
                                                                                

TEST PENDING: Create a work order and cross verify the detail entered
---------------------------------------------------------------------------------
]]></system-err>
  </testcase>
  <testcase name="Create a work order and cross verify the detail entered" classname="Work Order Management" time="0">
    <skipped message="The step &quot;User enters all the work order field&quot; is undefined"/>
  </testcase>
  <testcase name="Create a work order and cross verify the detail entered" classname="Work Order Management" time="0">
    <skipped message="The step &quot;User verify work order detail screen&quot; is undefined"/>
  </testcase>
  <testcase name="To verify validations on add Work Order screen" classname="Work Order Management" time="0">
    <skipped message="The step &quot;User is on add work order screen&quot; is undefined"/>
    <system-err><![CDATA[[main] INFO net.serenitybdd.core.Serenity - 
          __  _____ _____ ____ _____   ____  _____ _   _ ____ ___ _   _  ____ 
 _       / / |_   _| ____/ ___|_   _| |  _ \| ____| \ | |  _ \_ _| \ | |/ ___|
(_)____ / /    | | |  _| \___ \ | |   | |_) |  _| |  \| | | | | ||  \| | |  _ 
 |_____/ /     | | | |___ ___) || |   |  __/| |___| |\  | |_| | || |\  | |_| |
(_)   /_/      |_| |_____|____/ |_|   |_|   |_____|_| \_|____/___|_| \_|\____|
                                                                                

TEST PENDING: Create a work order and cross verify the detail entered
---------------------------------------------------------------------------------
[main] INFO net.serenitybdd.core.Serenity - 
 _____ _____ ____ _____   ____ _____  _    ____ _____ _____ ____  
|_   _| ____/ ___|_   _| / ___|_   _|/ \  |  _ \_   _| ____|  _ \ 
  | | |  _| \___ \ | |   \___ \ | | / _ \ | |_) || | |  _| | | | |
  | | | |___ ___) || |    ___) || |/ ___ \|  _ < | | | |___| |_| |
  |_| |_____|____/ |_|   |____/ |_/_/   \_\_| \_\|_| |_____|____/ 
                                                                  

TEST STARTED: To verify validations on add Work Order screen
-------------------------------------------------------------------(work-order-management;to-verify-validations-on-add-work-order-screen)
[main] INFO utilities.ConfigLoader - Running the tests against:test
[1588842003.098][SEVERE]: Timed out receiving message from renderer: 0.100
[1588842003.240][SEVERE]: Timed out receiving message from renderer: 0.100
[main] INFO net.serenitybdd.core.Serenity - TEST PENDING
[main] INFO net.serenitybdd.core.Serenity - 
          __  _____ _____ ____ _____   ____  _____ _   _ ____ ___ _   _  ____ 
 _       / / |_   _| ____/ ___|_   _| |  _ \| ____| \ | |  _ \_ _| \ | |/ ___|
(_)____ / /    | | |  _| \___ \ | |   | |_) |  _| |  \| | | | | ||  \| | |  _ 
 |_____/ /     | | | |___ ___) || |   |  __/| |___| |\  | |_| | || |\  | |_| |
(_)   /_/      |_| |_____|____/ |_|   |_|   |_____|_| \_|____/___|_| \_|\____|
                                                                                

TEST PENDING: To verify validations on add Work Order screen
---------------------------------------------------------------------------------
]]></system-err>
  </testcase>
  <testcase name="Edit an existing vendor from vendor list screen and cross verify the modification" classname="Work Order Management" time="0">
    <skipped message="The step &quot;User navigates to edit work order page from list screen&quot; is undefined"/>
    <system-err><![CDATA[[main] INFO net.serenitybdd.core.Serenity - 
          __  _____ _____ ____ _____   ____  _____ _   _ ____ ___ _   _  ____ 
 _       / / |_   _| ____/ ___|_   _| |  _ \| ____| \ | |  _ \_ _| \ | |/ ___|
(_)____ / /    | | |  _| \___ \ | |   | |_) |  _| |  \| | | | | ||  \| | |  _ 
 |_____/ /     | | | |___ ___) || |   |  __/| |___| |\  | |_| | || |\  | |_| |
(_)   /_/      |_| |_____|____/ |_|   |_|   |_____|_| \_|____/___|_| \_|\____|
                                                                                

TEST PENDING: To verify validations on add Work Order screen
---------------------------------------------------------------------------------
[main] INFO net.serenitybdd.core.Serenity - 
 _____ _____ ____ _____   ____ _____  _    ____ _____ _____ ____  
|_   _| ____/ ___|_   _| / ___|_   _|/ \  |  _ \_   _| ____|  _ \ 
  | | |  _| \___ \ | |   \___ \ | | / _ \ | |_) || | |  _| | | | |
  | | | |___ ___) || |    ___) || |/ ___ \|  _ < | | | |___| |_| |
  |_| |_____|____/ |_|   |____/ |_/_/   \_\_| \_\|_| |_____|____/ 
                                                                  

TEST STARTED: Edit an existing vendor from vendor list screen and cross verify the modification
-------------------------------------------------------------------(work-order-management;edit-an-existing-vendor-from-vendor-list-screen-and-cross-verify-the-modification)
[main] INFO utilities.ConfigLoader - Running the tests against:test
[1588842010.553][SEVERE]: Timed out receiving message from renderer: 0.100
[main] INFO net.serenitybdd.core.Serenity - TEST PENDING
[main] INFO net.serenitybdd.core.Serenity - TEST PENDING
[main] INFO net.serenitybdd.core.Serenity - TEST PENDING
[main] INFO net.serenitybdd.core.Serenity - 
          __  _____ _____ ____ _____   ____  _____ _   _ ____ ___ _   _  ____ 
 _       / / |_   _| ____/ ___|_   _| |  _ \| ____| \ | |  _ \_ _| \ | |/ ___|
(_)____ / /    | | |  _| \___ \ | |   | |_) |  _| |  \| | | | | ||  \| | |  _ 
 |_____/ /     | | | |___ ___) || |   |  __/| |___| |\  | |_| | || |\  | |_| |
(_)   /_/      |_| |_____|____/ |_|   |_|   |_____|_| \_|____/___|_| \_|\____|
                                                                                

TEST PENDING: Edit an existing vendor from vendor list screen and cross verify the modification
---------------------------------------------------------------------------------
]]></system-err>
  </testcase>
  <testcase name="Edit an existing vendor from vendor list screen and cross verify the modification" classname="Work Order Management" time="0">
    <skipped message="The step &quot;User enters all the work order field&quot; is undefined"/>
  </testcase>
  <testcase name="Edit an existing vendor from vendor list screen and cross verify the modification" classname="Work Order Management" time="0">
    <skipped message="The step &quot;User verify work order detail screen&quot; is undefined"/>
  </testcase>
  <testcase name="Edit an existing vendor from vendor detail screen and cross verify the modification" classname="Work Order Management" time="0">
    <skipped message="The step &quot;User is on work order detail screen&quot; is undefined"/>
    <system-err><![CDATA[[main] INFO net.serenitybdd.core.Serenity - 
          __  _____ _____ ____ _____   ____  _____ _   _ ____ ___ _   _  ____ 
 _       / / |_   _| ____/ ___|_   _| |  _ \| ____| \ | |  _ \_ _| \ | |/ ___|
(_)____ / /    | | |  _| \___ \ | |   | |_) |  _| |  \| | | | | ||  \| | |  _ 
 |_____/ /     | | | |___ ___) || |   |  __/| |___| |\  | |_| | || |\  | |_| |
(_)   /_/      |_| |_____|____/ |_|   |_|   |_____|_| \_|____/___|_| \_|\____|
                                                                                

TEST PENDING: Edit an existing vendor from vendor list screen and cross verify the modification
---------------------------------------------------------------------------------
[main] INFO net.serenitybdd.core.Serenity - 
 _____ _____ ____ _____   ____ _____  _    ____ _____ _____ ____  
|_   _| ____/ ___|_   _| / ___|_   _|/ \  |  _ \_   _| ____|  _ \ 
  | | |  _| \___ \ | |   \___ \ | | / _ \ | |_) || | |  _| | | | |
  | | | |___ ___) || |    ___) || |/ ___ \|  _ < | | | |___| |_| |
  |_| |_____|____/ |_|   |____/ |_/_/   \_\_| \_\|_| |_____|____/ 
                                                                  

TEST STARTED: Edit an existing vendor from vendor detail screen and cross verify the modification
-------------------------------------------------------------------(work-order-management;edit-an-existing-vendor-from-vendor-detail-screen-and-cross-verify-the-modification)
[main] INFO utilities.ConfigLoader - Running the tests against:test
[1588842018.442][SEVERE]: Timed out receiving message from renderer: 0.100
[main] INFO net.serenitybdd.core.Serenity - TEST PENDING
[main] INFO net.serenitybdd.core.Serenity - TEST PENDING
[main] INFO net.serenitybdd.core.Serenity - TEST PENDING
[main] INFO net.serenitybdd.core.Serenity - 
          __  _____ _____ ____ _____   ____  _____ _   _ ____ ___ _   _  ____ 
 _       / / |_   _| ____/ ___|_   _| |  _ \| ____| \ | |  _ \_ _| \ | |/ ___|
(_)____ / /    | | |  _| \___ \ | |   | |_) |  _| |  \| | | | | ||  \| | |  _ 
 |_____/ /     | | | |___ ___) || |   |  __/| |___| |\  | |_| | || |\  | |_| |
(_)   /_/      |_| |_____|____/ |_|   |_|   |_____|_| \_|____/___|_| \_|\____|
                                                                                

TEST PENDING: Edit an existing vendor from vendor detail screen and cross verify the modification
---------------------------------------------------------------------------------
]]></system-err>
  </testcase>
  <testcase name="Edit an existing vendor from vendor detail screen and cross verify the modification" classname="Work Order Management" time="0">
    <skipped message="The step &quot;User enters all the work order field&quot; is undefined"/>
  </testcase>
  <testcase name="Edit an existing vendor from vendor detail screen and cross verify the modification" classname="Work Order Management" time="0">
    <skipped message="The step &quot;User verify work order detail screen&quot; is undefined"/>
  </testcase>
  <testcase name="Adding and editing a note to the Work Order" classname="Work Order Management" time="0">
    <skipped message="The step &quot;User is on work order detail screen&quot; is undefined"/>
    <system-err><![CDATA[[main] INFO net.serenitybdd.core.Serenity - 
          __  _____ _____ ____ _____   ____  _____ _   _ ____ ___ _   _  ____ 
 _       / / |_   _| ____/ ___|_   _| |  _ \| ____| \ | |  _ \_ _| \ | |/ ___|
(_)____ / /    | | |  _| \___ \ | |   | |_) |  _| |  \| | | | | ||  \| | |  _ 
 |_____/ /     | | | |___ ___) || |   |  __/| |___| |\  | |_| | || |\  | |_| |
(_)   /_/      |_| |_____|____/ |_|   |_|   |_____|_| \_|____/___|_| \_|\____|
                                                                                

TEST PENDING: Edit an existing vendor from vendor detail screen and cross verify the modification
---------------------------------------------------------------------------------
[main] INFO net.serenitybdd.core.Serenity - 
 _____ _____ ____ _____   ____ _____  _    ____ _____ _____ ____  
|_   _| ____/ ___|_   _| / ___|_   _|/ \  |  _ \_   _| ____|  _ \ 
  | | |  _| \___ \ | |   \___ \ | | / _ \ | |_) || | |  _| | | | |
  | | | |___ ___) || |    ___) || |/ ___ \|  _ < | | | |___| |_| |
  |_| |_____|____/ |_|   |____/ |_/_/   \_\_| \_\|_| |_____|____/ 
                                                                  

TEST STARTED: Adding and editing a note to the Work Order
-------------------------------------------------------------------(work-order-management;adding-and-editing-a-note-to-the-work-order)
[main] INFO utilities.ConfigLoader - Running the tests against:test
[1588842026.248][SEVERE]: Timed out receiving message from renderer: 0.100
[1588842026.427][SEVERE]: Timed out receiving message from renderer: 0.100
[main] INFO net.serenitybdd.core.Serenity - TEST PENDING
[main] INFO net.serenitybdd.core.Serenity - TEST PENDING
[main] INFO net.serenitybdd.core.Serenity - 
          __  _____ _____ ____ _____   ____  _____ _   _ ____ ___ _   _  ____ 
 _       / / |_   _| ____/ ___|_   _| |  _ \| ____| \ | |  _ \_ _| \ | |/ ___|
(_)____ / /    | | |  _| \___ \ | |   | |_) |  _| |  \| | | | | ||  \| | |  _ 
 |_____/ /     | | | |___ ___) || |   |  __/| |___| |\  | |_| | || |\  | |_| |
(_)   /_/      |_| |_____|____/ |_|   |_|   |_____|_| \_|____/___|_| \_|\____|
                                                                                

TEST PENDING: Adding and editing a note to the Work Order
---------------------------------------------------------------------------------
]]></system-err>
  </testcase>
  <testcase name="Adding and editing a note to the Work Order" classname="Work Order Management" time="0">
    <skipped message="The step &quot;User clicks on Add Notes button&quot; is undefined"/>
  </testcase>
  <testcase name="Notes count associated with a work order" classname="Work Order Management" time="0">
    <skipped message="The step &quot;User is on work order detail screen&quot; is undefined"/>
    <system-err><![CDATA[[main] INFO net.serenitybdd.core.Serenity - 
          __  _____ _____ ____ _____   ____  _____ _   _ ____ ___ _   _  ____ 
 _       / / |_   _| ____/ ___|_   _| |  _ \| ____| \ | |  _ \_ _| \ | |/ ___|
(_)____ / /    | | |  _| \___ \ | |   | |_) |  _| |  \| | | | | ||  \| | |  _ 
 |_____/ /     | | | |___ ___) || |   |  __/| |___| |\  | |_| | || |\  | |_| |
(_)   /_/      |_| |_____|____/ |_|   |_|   |_____|_| \_|____/___|_| \_|\____|
                                                                                

TEST PENDING: Adding and editing a note to the Work Order
---------------------------------------------------------------------------------
[main] INFO net.serenitybdd.core.Serenity - 
 _____ _____ ____ _____   ____ _____  _    ____ _____ _____ ____  
|_   _| ____/ ___|_   _| / ___|_   _|/ \  |  _ \_   _| ____|  _ \ 
  | | |  _| \___ \ | |   \___ \ | | / _ \ | |_) || | |  _| | | | |
  | | | |___ ___) || |    ___) || |/ ___ \|  _ < | | | |___| |_| |
  |_| |_____|____/ |_|   |____/ |_/_/   \_\_| \_\|_| |_____|____/ 
                                                                  

[...]
  _       / / |_   _| ____/ ___|_   _| |  ___/ \  |_ _| |   | ____|  _ \ 
 (_)_____| |    | | |  _| \___ \ | |   | |_ / _ \  | || |   |  _| | | | |
  _|_____| |    | | | |___ ___) || |   |  _/ ___ \ | || |___| |___| |_| |
 (_)     | |    |_| |_____|____/ |_|   |_|/_/   \_\___|_____|_____|____/ 
          \_\                                                            

TEST FAILED WITH ERROR: Filter the user list upon selecting facility
---------------------------------------------------------------------
[main] ERROR net.serenitybdd.core.Serenity - TEST FAILED AT STEP When User clicks on Select status dropdown
[main] ERROR net.serenitybdd.core.Serenity - Timed out after 10000 milliseconds: net.serenitybdd.core.pages.RenderedPageObjectView$2@6c8ad6d7
[main] INFO utilities.ConfigLoader - Running the tests against:test
[1588842187.031][SEVERE]: Timed out receiving message from renderer: 0.100
[main] INFO utilities.ConfigLoader - Running the tests against:test
[main] INFO net.serenitybdd.core.Serenity - TEST PENDING
[main] INFO net.serenitybdd.core.Serenity - TEST PENDING
[main] INFO net.serenitybdd.core.Serenity - 
          __  _____ _____ ____ _____   ____  _____ _   _ ____ ___ _   _  ____ 
 _       / / |_   _| ____/ ___|_   _| |  _ \| ____| \ | |  _ \_ _| \ | |/ ___|
(_)____ / /    | | |  _| \___ \ | |   | |_) |  _| |  \| | | | | ||  \| | |  _ 
 |_____/ /     | | | |___ ___) || |   |  __/| |___| |\  | |_| | || |\  | |_| |
(_)   /_/      |_| |_____|____/ |_|   |_|   |_____|_| \_|____/___|_| \_|\____|
                                                                                

TEST PENDING: Filter the user list upon selecting facility
---------------------------------------------------------------------------------
]]></system-err>
  </testcase>
  <testcase name="Filter the user list upon selecting facility" classname="Work Order Management" time="17.619">
    <error message="The step &quot;User select &quot;In Progress&quot; facility&quot; is undefined" type="cucumber.runtime.junit.UndefinedThrowable">cucumber.runtime.junit.UndefinedThrowable: The step "User select "In Progress" facility" is undefined
</error>
  </testcase>
  <testcase name="Filter the user list upon selecting facility" classname="Work Order Management" time="17.619">
    <error message="The step &quot;List displayed is according to the selected &quot;In Progress&quot; facility&quot; is undefined" type="cucumber.runtime.junit.UndefinedThrowable">cucumber.runtime.junit.UndefinedThrowable: The step "List displayed is according to the selected "In Progress" facility" is undefined
</error>
  </testcase>
  <testcase name="Filter the user list upon selecting facility" classname="Work Order Management" time="17.697">
    <error message="Timed out after 10000 milliseconds: net.serenitybdd.core.pages.RenderedPageObjectView$2@6e617c0e&#10;Build info: version: &apos;3.10.0&apos;, revision: &apos;176b4a9&apos;, time: &apos;2018-03-02T19:03:16.397Z&apos;&#10;System info: host: &apos;PAYALQA&apos;, ip: &apos;192.168.1.18&apos;, os.name: &apos;Windows 10&apos;, os.arch: &apos;amd64&apos;, os.version: &apos;10.0&apos;, java.version: &apos;11.0.2&apos;&#10;Driver info: driver.version: unknown" type="org.openqa.selenium.TimeoutException">org.openqa.selenium.TimeoutException: 
Timed out after 10000 milliseconds: net.serenitybdd.core.pages.RenderedPageObjectView$2@6e617c0e
Build info: version: '3.10.0', revision: '176b4a9', time: '2018-03-02T19:03:16.397Z'
System info: host: 'PAYALQA', ip: '192.168.1.18', os.name: 'Windows 10', os.arch: 'amd64', os.version: '10.0', java.version: '11.0.2'
Driver info: driver.version: unknown
</error>
    <system-err><![CDATA[[main] INFO net.serenitybdd.core.Serenity - 
          __  _____ _____ ____ _____   ____  _____ _   _ ____ ___ _   _  ____ 
 _       / / |_   _| ____/ ___|_   _| |  _ \| ____| \ | |  _ \_ _| \ | |/ ___|
(_)____ / /    | | |  _| \___ \ | |   | |_) |  _| |  \| | | | | ||  \| | |  _ 
 |_____/ /     | | | |___ ___) || |   |  __/| |___| |\  | |_| | || |\  | |_| |
(_)   /_/      |_| |_____|____/ |_|   |_|   |_____|_| \_|____/___|_| \_|\____|
                                                                                

TEST PENDING: Filter the user list upon selecting facility
---------------------------------------------------------------------------------
[main] INFO utilities.ConfigLoader - Running the tests against:test
[1588842204.803][SEVERE]: Timed out receiving message from renderer: 0.100
[1588842204.986][SEVERE]: Timed out receiving message from renderer: 0.100
[main] INFO utilities.ConfigLoader - Running the tests against:test
[main] INFO net.serenitybdd.core.Serenity - TEST PENDING
[main] INFO net.serenitybdd.core.Serenity - TEST PENDING
[main] INFO net.serenitybdd.core.Serenity - 
          __  _____ _____ ____ _____   ____  _____ _   _ ____ ___ _   _  ____ 
 _       / / |_   _| ____/ ___|_   _| |  _ \| ____| \ | |  _ \_ _| \ | |/ ___|
(_)____ / /    | | |  _| \___ \ | |   | |_) |  _| |  \| | | | | ||  \| | |  _ 
 |_____/ /     | | | |___ ___) || |   |  __/| |___| |\  | |_| | || |\  | |_| |
(_)   /_/      |_| |_____|____/ |_|   |_|   |_____|_| \_|____/___|_| \_|\____|
                                                                                

TEST PENDING: Filter the user list upon selecting facility
---------------------------------------------------------------------------------
]]></system-err>
  </testcase>
  <testcase name="Filter the user list upon selecting facility" classname="Work Order Management" time="17.697">
    <error message="The step &quot;User select &quot;On Hold&quot; facility&quot; is undefined" type="cucumber.runtime.junit.UndefinedThrowable">cucumber.runtime.junit.UndefinedThrowable: The step "User select "On Hold" facility" is undefined
</error>
  </testcase>
  <testcase name="Filter the user list upon selecting facility" classname="Work Order Management" time="17.697">
    <error message="The step &quot;List displayed is according to the selected &quot;On Hold&quot; facility&quot; is undefined" type="cucumber.runtime.junit.UndefinedThrowable">cucumber.runtime.junit.UndefinedThrowable: The step "List displayed is according to the selected "On Hold" facility" is undefined
</error>
  </testcase>
  <testcase name="Filter the user list upon selecting facility" classname="Work Order Management" time="21.291">
    <error message="Timed out after 10000 milliseconds: net.serenitybdd.core.pages.RenderedPageObjectView$2@31c56721&#10;Build info: version: &apos;3.10.0&apos;, revision: &apos;176b4a9&apos;, time: &apos;2018-03-02T19:03:16.397Z&apos;&#10;System info: host: &apos;PAYALQA&apos;, ip: &apos;192.168.1.18&apos;, os.name: &apos;Windows 10&apos;, os.arch: &apos;amd64&apos;, os.version: &apos;10.0&apos;, java.version: &apos;11.0.2&apos;&#10;Driver info: driver.version: unknown" type="org.openqa.selenium.TimeoutException">org.openqa.selenium.TimeoutException: 
Timed out after 10000 milliseconds: net.serenitybdd.core.pages.RenderedPageObjectView$2@31c56721
Build info: version: '3.10.0', revision: '176b4a9', time: '2018-03-02T19:03:16.397Z'
System info: host: 'PAYALQA', ip: '192.168.1.18', os.name: 'Windows 10', os.arch: 'amd64', os.version: '10.0', java.version: '11.0.2'
Driver info: driver.version: unknown
</error>
    <system-err><![CDATA[[main] INFO net.serenitybdd.core.Serenity - 
          __  _____ _____ ____ _____   ____  _____ _   _ ____ ___ _   _  ____ 
 _       / / |_   _| ____/ ___|_   _| |  _ \| ____| \ | |  _ \_ _| \ | |/ ___|
(_)____ / /    | | |  _| \___ \ | |   | |_) |  _| |  \| | | | | ||  \| | |  _ 
 |_____/ /     | | | |___ ___) || |   |  __/| |___| |\  | |_| | || |\  | |_| |
(_)   /_/      |_| |_____|____/ |_|   |_|   |_____|_| \_|____/___|_| \_|\____|
                                                                                

TEST PENDING: Filter the user list upon selecting facility
---------------------------------------------------------------------------------
[main] INFO utilities.ConfigLoader - Running the tests against:test
[1588842222.780][SEVERE]: Timed out receiving message from renderer: 0.100
[1588842222.938][SEVERE]: Timed out receiving message from renderer: 0.100
[main] INFO utilities.ConfigLoader - Running the tests against:test
[main] INFO net.serenitybdd.core.Serenity - TEST PENDING
[main] INFO net.serenitybdd.core.Serenity - TEST PENDING
[main] INFO net.serenitybdd.core.Serenity - 
          __  _____ _____ ____ _____   ____  _____ _   _ ____ ___ _   _  ____ 
 _       / / |_   _| ____/ ___|_   _| |  _ \| ____| \ | |  _ \_ _| \ | |/ ___|
(_)____ / /    | | |  _| \___ \ | |   | |_) |  _| |  \| | | | | ||  \| | |  _ 
 |_____/ /     | | | |___ ___) || |   |  __/| |___| |\  | |_| | || |\  | |_| |
(_)   /_/      |_| |_____|____/ |_|   |_|   |_____|_| \_|____/___|_| \_|\____|
                                                                                

TEST PENDING: Filter the user list upon selecting facility
---------------------------------------------------------------------------------
]]></system-err>
  </testcase>
  <testcase name="Filter the user list upon selecting facility" classname="Work Order Management" time="21.292">
    <error message="The step &quot;User select &quot;Closed&quot; facility&quot; is undefined" type="cucumber.runtime.junit.UndefinedThrowable">cucumber.runtime.junit.UndefinedThrowable: The step "User select "Closed" facility" is undefined
</error>
  </testcase>
  <testcase name="Filter the user list upon selecting facility" classname="Work Order Management" time="21.292">
    <error message="The step &quot;List displayed is according to the selected &quot;Closed&quot; facility&quot; is undefined" type="cucumber.runtime.junit.UndefinedThrowable">cucumber.runtime.junit.UndefinedThrowable: The step "List displayed is according to the selected "Closed" facility" is undefined
</error>
  </testcase>
  <testcase name="Filter the user list upon selecting assignee" classname="Work Order Management" time="17.988">
    <error message="Timed out after 10000 milliseconds: net.serenitybdd.core.pages.RenderedPageObjectView$2@735167e1&#10;Build info: version: &apos;3.10.0&apos;, revision: &apos;176b4a9&apos;, time: &apos;2018-03-02T19:03:16.397Z&apos;&#10;System info: host: &apos;PAYALQA&apos;, ip: &apos;192.168.1.18&apos;, os.name: &apos;Windows 10&apos;, os.arch: &apos;amd64&apos;, os.version: &apos;10.0&apos;, java.version: &apos;11.0.2&apos;&#10;Driver info: driver.version: unknown" type="org.openqa.selenium.TimeoutException">org.openqa.selenium.TimeoutException: 
Timed out after 10000 milliseconds: net.serenitybdd.core.pages.RenderedPageObjectView$2@735167e1
Build info: version: '3.10.0', revision: '176b4a9', time: '2018-03-02T19:03:16.397Z'
System info: host: 'PAYALQA', ip: '192.168.1.18', os.name: 'Windows 10', os.arch: 'amd64', os.version: '10.0', java.version: '11.0.2'
Driver info: driver.version: unknown
</error>
    <system-err><![CDATA[[main] INFO net.serenitybdd.core.Serenity - 
          __  _____ _____ ____ _____   ____  _____ _   _ ____ ___ _   _  ____ 
 _       / / |_   _| ____/ ___|_   _| |  _ \| ____| \ | |  _ \_ _| \ | |/ ___|
(_)____ / /    | | |  _| \___ \ | |   | |_) |  _| |  \| | | | | ||  \| | |  _ 
 |_____/ /     | | | |___ ___) || |   |  __/| |___| |\  | |_| | || |\  | |_| |
(_)   /_/      |_| |_____|____/ |_|   |_|   |_____|_| \_|____/___|_| \_|\____|
                                                                                

TEST PENDING: Filter the user list upon selecting facility
---------------------------------------------------------------------------------
[main] INFO net.serenitybdd.core.Serenity - 
 _____ _____ ____ _____   ____ _____  _    ____ _____ _____ ____  
|_   _| ____/ ___|_   _| / ___|_   _|/ \  |  _ \_   _| ____|  _ \ 
  | | |  _| \___ \ | |   \___ \ | | / _ \ | |_) || | |  _| | | | |
  | | | |___ ___) || |    ___) || |/ ___ \|  _ < | | | |___| |_| |
  |_| |_____|____/ |_|   |____/ |_/_/   \_\_| \_\|_| |_____|____/ 
                                                                  

TEST STARTED: Filter the user list upon selecting assignee
-------------------------------------------------------------------(work-order-management;filter-the-user-list-upon-selecting-assignee)
[main] INFO utilities.ConfigLoader - Running the tests against:test
[main] INFO utilities.ConfigLoader - Running the tests against:test
[main] ERROR net.serenitybdd.core.Serenity - 
           __  _____ _____ ____ _____   _____ _    ___ _     _____ ____  
  _       / / |_   _| ____/ ___|_   _| |  ___/ \  |_ _| |   | ____|  _ \ 
 (_)_____| |    | | |  _| \___ \ | |   | |_ / _ \  | || |   |  _| | | | |
  _|_____| |    | | | |___ ___) || |   |  _/ ___ \ | || |___| |___| |_| |
 (_)     | |    |_| |_____|____/ |_|   |_|/_/   \_\___|_____|_____|____/ 
          \_\                                                            

TEST FAILED WITH ERROR: Filter the user list upon selecting assignee
---------------------------------------------------------------------
[main] ERROR net.serenitybdd.core.Serenity - TEST FAILED AT STEP When User clicks on Select status dropdown
[main] ERROR net.serenitybdd.core.Serenity - Timed out after 10000 milliseconds: net.serenitybdd.core.pages.RenderedPageObjectView$2@735167e1
]]></system-err>
  </testcase>
  <testcase name="Filter the user list upon selecting assignee" classname="Work Order Management" time="17.875">
    <error message="Timed out after 10000 milliseconds: net.serenitybdd.core.pages.RenderedPageObjectView$2@7ae6927&#10;Build info: version: &apos;3.10.0&apos;, revision: &apos;176b4a9&apos;, time: &apos;2018-03-02T19:03:16.397Z&apos;&#10;System info: host: &apos;PAYALQA&apos;, ip: &apos;192.168.1.18&apos;, os.name: &apos;Windows 10&apos;, os.arch: &apos;amd64&apos;, os.version: &apos;10.0&apos;, java.version: &apos;11.0.2&apos;&#10;Driver info: driver.version: unknown" type="org.openqa.selenium.TimeoutException">org.openqa.selenium.TimeoutException: 
Timed out after 10000 milliseconds: net.serenitybdd.core.pages.RenderedPageObjectView$2@7ae6927
Build info: version: '3.10.0', revision: '176b4a9', time: '2018-03-02T19:03:16.397Z'
System info: host: 'PAYALQA', ip: '192.168.1.18', os.name: 'Windows 10', os.arch: 'amd64', os.version: '10.0', java.version: '11.0.2'
Driver info: driver.version: unknown
</error>
    <system-err><![CDATA[[main] ERROR net.serenitybdd.core.Serenity - 
           __  _____ _____ ____ _____   _____ _    ___ _     _____ ____  
  _       / / |_   _| ____/ ___|_   _| |  ___/ \  |_ _| |   | ____|  _ \ 
 (_)_____| |    | | |  _| \___ \ | |   | |_ / _ \  | || |   |  _| | | | |
  _|_____| |    | | | |___ ___) || |   |  _/ ___ \ | || |___| |___| |_| |
 (_)     | |    |_| |_____|____/ |_|   |_|/_/   \_\___|_____|_____|____/ 
          \_\                                                            

TEST FAILED WITH ERROR: Filter the user list upon selecting assignee
---------------------------------------------------------------------
[main] ERROR net.serenitybdd.core.Serenity - TEST FAILED AT STEP When User clicks on Select status dropdown
[main] ERROR net.serenitybdd.core.Serenity - Timed out after 10000 milliseconds: net.serenitybdd.core.pages.RenderedPageObjectView$2@735167e1
[main] INFO utilities.ConfigLoader - Running the tests against:test
[1588842262.868][SEVERE]: Timed out receiving message from renderer: 0.100
[main] INFO utilities.ConfigLoader - Running the tests against:test
]]></system-err>
  </testcase>
  <testcase name="Filter the user list upon selecting assignee" classname="Work Order Management" time="17.562">
    <error message="Timed out after 10000 milliseconds: net.serenitybdd.core.pages.RenderedPageObjectView$2@1e2b37cd&#10;Build info: version: &apos;3.10.0&apos;, revision: &apos;176b4a9&apos;, time: &apos;2018-03-02T19:03:16.397Z&apos;&#10;System info: host: &apos;PAYALQA&apos;, ip: &apos;192.168.1.18&apos;, os.name: &apos;Windows 10&apos;, os.arch: &apos;amd64&apos;, os.version: &apos;10.0&apos;, java.version: &apos;11.0.2&apos;&#10;Driver info: driver.version: unknown" type="org.openqa.selenium.TimeoutException">org.openqa.selenium.TimeoutException: 
Timed out after 10000 milliseconds: net.serenitybdd.core.pages.RenderedPageObjectView$2@1e2b37cd
Build info: version: '3.10.0', revision: '176b4a9', time: '2018-03-02T19:03:16.397Z'
System info: host: 'PAYALQA', ip: '192.168.1.18', os.name: 'Windows 10', os.arch: 'amd64', os.version: '10.0', java.version: '11.0.2'
Driver info: driver.version: unknown
</error>
    <system-err><![CDATA[[main] ERROR net.serenitybdd.core.Serenity - 
           __  _____ _____ ____ _____   _____ _    ___ _     _____ ____  
  _       / / |_   _| ____/ ___|_   _| |  ___/ \  |_ _| |   | ____|  _ \ 
 (_)_____| |    | | |  _| \___ \ | |   | |_ / _ \  | || |   |  _| | | | |
  _|_____| |    | | | |___ ___) || |   |  _/ ___ \ | || |___| |___| |_| |
 (_)     | |    |_| |_____|____/ |_|   |_|/_/   \_\___|_____|_____|____/ 
          \_\                                                            

TEST FAILED WITH ERROR: Filter the user list upon selecting assignee
---------------------------------------------------------------------
[main] ERROR net.serenitybdd.core.Serenity - TEST FAILED AT STEP When User clicks on Select status dropdown
[main] ERROR net.serenitybdd.core.Serenity - Timed out after 10000 milliseconds: net.serenitybdd.core.pages.RenderedPageObjectView$2@735167e1
[main] INFO utilities.ConfigLoader - Running the tests against:test
[1588842280.893][SEVERE]: Timed out receiving message from renderer: 0.100
[1588842281.084][SEVERE]: Timed out receiving message from renderer: 0.100
[main] INFO utilities.ConfigLoader - Running the tests against:test
]]></system-err>
  </testcase>
  <testcase name="Filter the user list upon selecting assignee" classname="Work Order Management" time="21.896">
    <error message="Timed out after 10000 milliseconds: net.serenitybdd.core.pages.RenderedPageObjectView$2@550574cb&#10;Build info: version: &apos;3.10.0&apos;, revision: &apos;176b4a9&apos;, time: &apos;2018-03-02T19:03:16.397Z&apos;&#10;System info: host: &apos;PAYALQA&apos;, ip: &apos;192.168.1.18&apos;, os.name: &apos;Windows 10&apos;, os.arch: &apos;amd64&apos;, os.version: &apos;10.0&apos;, java.version: &apos;11.0.2&apos;&#10;Driver info: driver.version: unknown" type="org.openqa.selenium.TimeoutException">org.openqa.selenium.TimeoutException: 
Timed out after 10000 milliseconds: net.serenitybdd.core.pages.RenderedPageObjectView$2@550574cb
Build info: version: '3.10.0', revision: '176b4a9', time: '2018-03-02T19:03:16.397Z'
System info: host: 'PAYALQA', ip: '192.168.1.18', os.name: 'Windows 10', os.arch: 'amd64', os.version: '10.0', java.version: '11.0.2'
Driver info: driver.version: unknown
</error>
    <system-err><![CDATA[[main] ERROR net.serenitybdd.core.Serenity - 
           __  _____ _____ ____ _____   _____ _    ___ _     _____ ____  
  _       / / |_   _| ____/ ___|_   _| |  ___/ \  |_ _| |   | ____|  _ \ 
 (_)_____| |    | | |  _| \___ \ | |   | |_ / _ \  | || |   |  _| | | | |
  _|_____| |    | | | |___ ___) || |   |  _/ ___ \ | || |___| |___| |_| |
 (_)     | |    |_| |_____|____/ |_|   |_|/_/   \_\___|_____|_____|____/ 
          \_\                                                            

TEST FAILED WITH ERROR: Filter the user list upon selecting assignee
---------------------------------------------------------------------
[main] ERROR net.serenitybdd.core.Serenity - TEST FAILED AT STEP When User clicks on Select status dropdown
[main] ERROR net.serenitybdd.core.Serenity - Timed out after 10000 milliseconds: net.serenitybdd.core.pages.RenderedPageObjectView$2@735167e1
[main] INFO utilities.ConfigLoader - Running the tests against:test
[1588842298.857][SEVERE]: Timed out receiving message from renderer: 0.100
[main] INFO utilities.ConfigLoader - Running the tests against:test
]]></system-err>
  </testcase>
</testsuite>