<?xml version="1.0" encoding="UTF-8"?>
<testsuite xmlns:xsi="http://www.w3.org/2001/XMLSchema-instance" xsi:noNamespaceSchemaLocation="https://maven.apache.org/surefire/maven-failsafe-plugin/xsd/failsafe-test-report.xsd" name="RunTests" time="207.142" tests="10" errors="3" skipped="0" failures="0">
  <properties>
[...]
</properties>
  <testcase name="To verify redirection on detailed view of manage kiosk page" classname="Functionality of  application" time="18.777"/>
  <testcase name="To verify the rediection of move in application after clicks on the manage and configure button" classname="Functionality of  application" time="17.396"/>
  <testcase name="To verify when user upload the content in Move-InApplication" classname="Functionality of  application" time="34.704"/>
  <testcase name="To check the functionality of pagination for amenties and icon page" classname="Functionality of  application" time="18.206"/>
  <testcase name="To check the functionality of delete ametity" classname="Functionality of  application" time="19.746">
    <error message="element click intercepted: Element &lt;em class=&quot;fa fa-trash cursor-pointer&quot; title=&quot;Delete&quot; action-type=&quot;delete&quot;&gt;&lt;/em&gt; is not clickable at point (1259, 1). Other element would receive the click: &lt;div class=&quot;kt-header__topbar-wrapper&quot; data-offset=&quot;10px,0px&quot; data-toggle=&quot;dropdown&quot;&gt;...&lt;/div&gt;&#10;  (Session info: chrome=81.0.4044.138)&#10;Build info: version: &apos;3.10.0&apos;, revision: &apos;176b4a9&apos;, time: &apos;2018-03-02T19:03:16.397Z&apos;&#10;System info: host: &apos;lapr055&apos;, ip: &apos;192.168.43.127&apos;, os.name: &apos;Windows 10&apos;, os.arch: &apos;amd64&apos;, os.version: &apos;10.0&apos;, java.version: &apos;13.0.2&apos;&#10;Driver info: org.openqa.selenium.remote.RemoteWebDriver&#10;Capabilities {acceptInsecureCerts: false, browserName: chrome, browserVersion: 81.0.4044.138, chrome: {chromedriverVersion: 81.0.4044.69 (6813546031a4b..., userDataDir: C:\Users\shefaliy\AppData\L...}, goog:chromeOptions: {debuggerAddress: localhost:57077}, javascriptEnabled: true, networkConnectionEnabled: false, pageLoadStrategy: normal, platform: WINDOWS, platformName: WINDOWS, proxy: Proxy(), setWindowRect: true, strictFileInteractability: false, timeouts: {implicit: 0, pageLoad: 300000, script: 30000}, unhandledPromptBehavior: dismiss and notify, webauthn:virtualAuthenticators: true}&#10;Session ID: 02c9b9f34eea68ab21818ca3c0bbb5ba" type="org.openqa.selenium.ElementClickInterceptedException"><![CDATA[org.openqa.selenium.ElementClickInterceptedException: 
element click intercepted: Element <em class="fa fa-trash cursor-pointer" title="Delete" action-type="delete"></em> is not clickable at point (1259, 1). Other element would receive the click: <div class="kt-header__topbar-wrapper" data-offset="10px,0px" data-toggle="dropdown">...</div>
  (Session info: chrome=81.0.4044.138)
Build info: version: '3.10.0', revision: '176b4a9', time: '2018-03-02T19:03:16.397Z'
System info: host: 'lapr055', ip: '192.168.43.127', os.name: 'Windows 10', os.arch: 'amd64', os.version: '10.0', java.version: '13.0.2'
Driver info: org.openqa.selenium.remote.RemoteWebDriver
Capabilities {acceptInsecureCerts: false, browserName: chrome, browserVersion: 81.0.4044.138, chrome: {chromedriverVersion: 81.0.4044.69 (6813546031a4b..., userDataDir: C:\Users\shefaliy\AppData\L...}, goog:chromeOptions: {debuggerAddress: localhost:57077}, javascriptEnabled: true, networkConnectionEnabled: false, pageLoadStrategy: normal, platform: WINDOWS, platformName: WINDOWS, proxy: Proxy(), setWindowRect: true, strictFileInteractability: false, timeouts: {implicit: 0, pageLoad: 300000, script: 30000}, unhandledPromptBehavior: dismiss and notify, webauthn:virtualAuthenticators: true}
Session ID: 02c9b9f34eea68ab21818ca3c0bbb5ba
]]></error>
    <system-err><![CDATA[[main] INFO net.serenitybdd.core.Serenity - 
        __    _____ _____ ____ _____   ____   _    ____  ____  _____ ____  
  _     \ \  |_   _| ____/ ___|_   _| |  _ \ / \  / ___|/ ___|| ____|  _ \ 
 (_)_____| |   | | |  _| \___ \ | |   | |_) / _ \ \___ \\___ \|  _| | | | |
  _|_____| |   | | | |___ ___) || |   |  __/ ___ \ ___) |___) | |___| |_| |
 (_)     | |   |_| |_____|____/ |_|   |_| /_/   \_\____/|____/|_____|____/ 
        /_/                                                                

TEST PASSED: To check the functionality of pagination for amenties and icon page
----------------------------------------------------------------------------
[main] INFO net.serenitybdd.core.Serenity - 
 _____ _____ ____ _____   ____ _____  _    ____ _____ _____ ____  
|_   _| ____/ ___|_   _| / ___|_   _|/ \  |  _ \_   _| ____|  _ \ 
  | | |  _| \___ \ | |   \___ \ | | / _ \ | |_) || | |  _| | | | |
  | | | |___ ___) || |    ___) || |/ ___ \|  _ < | | | |___| |_| |
  |_| |_____|____/ |_|   |____/ |_/_/   \_\_| \_\|_| |_____|____/ 
                                                                  

TEST STARTED: To check the functionality of delete ametity
-------------------------------------------------------------------(functionality-of--application;to-check-the-functionality-of-delete-ametity)
[main] INFO utilities.ConfigLoader - Running the tests against:test
[main] INFO utilities.ConfigLoader - Running the tests against:test
[main] INFO utilities.ConfigLoader - Running the tests against:test
[main] ERROR net.serenitybdd.core.Serenity - 
           __  _____ _____ ____ _____   _____ _    ___ _     _____ ____  
  _       / / |_   _| ____/ ___|_   _| |  ___/ \  |_ _| |   | ____|  _ \ 
 (_)_____| |    | | |  _| \___ \ | |   | |_ / _ \  | || |   |  _| | | | |
  _|_____| |    | | | |___ ___) || |   |  _/ ___ \ | || |___| |___| |_| |
 (_)     | |    |_| |_____|____/ |_|   |_|/_/   \_\___|_____|_____|____/ 
          \_\                                                            

TEST FAILED WITH ERROR: To check the functionality of delete ametity
---------------------------------------------------------------------
[main] ERROR net.serenitybdd.core.Serenity - TEST FAILED AT STEP And user clicks on the delete button of amenity
[main] ERROR net.serenitybdd.core.Serenity - element click intercepted: Element <em class="fa fa-trash cursor-pointer" title="Delete" action-type="delete"></em> is not clickable at point (1259, 1). Other element would receive the click: <div class="kt-header__topbar-wrapper" data-offset="10px,0px" data-toggle="dropdown">...</div>
]]></system-err>
  </testcase>
  <testcase name="To verify the functionality when the user clicks on the cancel button  of delete amity popup" classname="Functionality of  application" time="20.471">
    <error message="element click intercepted: Element &lt;em class=&quot;fa fa-trash cursor-pointer&quot; title=&quot;Delete&quot; action-type=&quot;delete&quot;&gt;&lt;/em&gt; is not clickable at point (1259, 1). Other element would receive the click: &lt;div class=&quot;kt-header__topbar-wrapper&quot; data-offset=&quot;10px,0px&quot; data-toggle=&quot;dropdown&quot;&gt;...&lt;/div&gt;&#10;  (Session info: chrome=81.0.4044.138)&#10;Build info: version: &apos;3.10.0&apos;, revision: &apos;176b4a9&apos;, time: &apos;2018-03-02T19:03:16.397Z&apos;&#10;System info: host: &apos;lapr055&apos;, ip: &apos;192.168.43.127&apos;, os.name: &apos;Windows 10&apos;, os.arch: &apos;amd64&apos;, os.version: &apos;10.0&apos;, java.version: &apos;13.0.2&apos;&#10;Driver info: org.openqa.selenium.remote.RemoteWebDriver&#10;Capabilities {acceptInsecureCerts: false, browserName: chrome, browserVersion: 81.0.4044.138, chrome: {chromedriverVersion: 81.0.4044.69 (6813546031a4b..., userDataDir: C:\Users\shefaliy\AppData\L...}, goog:chromeOptions: {debuggerAddress: localhost:57077}, javascriptEnabled: true, networkConnectionEnabled: false, pageLoadStrategy: normal, platform: WINDOWS, platformName: WINDOWS, proxy: Proxy(), setWindowRect: true, strictFileInteractability: false, timeouts: {implicit: 0, pageLoad: 300000, script: 30000}, unhandledPromptBehavior: dismiss and notify, webauthn:virtualAuthenticators: true}&#10;Session ID: 02c9b9f34eea68ab21818ca3c0bbb5ba" type="org.openqa.selenium.ElementClickInterceptedException"><![CDATA[org.openqa.selenium.ElementClickInterceptedException: 
element click intercepted: Element <em class="fa fa-trash cursor-pointer" title="Delete" action-type="delete"></em> is not clickable at point (1259, 1). Other element would receive the click: <div class="kt-header__topbar-wrapper" data-offset="10px,0px" data-toggle="dropdown">...</div>
  (Session info: chrome=81.0.4044.138)
Build info: version: '3.10.0', revision: '176b4a9', time: '2018-03-02T19:03:16.397Z'
System info: host: 'lapr055', ip: '192.168.43.127', os.name: 'Windows 10', os.arch: 'amd64', os.version: '10.0', java.version: '13.0.2'
Driver info: org.openqa.selenium.remote.RemoteWebDriver
Capabilities {acceptInsecureCerts: false, browserName: chrome, browserVersion: 81.0.4044.138, chrome: {chromedriverVersion: 81.0.4044.69 (6813546031a4b..., userDataDir: C:\Users\shefaliy\AppData\L...}, goog:chromeOptions: {debuggerAddress: localhost:57077}, javascriptEnabled: true, networkConnectionEnabled: false, pageLoadStrategy: normal, platform: WINDOWS, platformName: WINDOWS, proxy: Proxy(), setWindowRect: true, strictFileInteractability: false, timeouts: {implicit: 0, pageLoad: 300000, script: 30000}, unhandledPromptBehavior: dismiss and notify, webauthn:virtualAuthenticators: true}
Session ID: 02c9b9f34eea68ab21818ca3c0bbb5ba
]]></error>
    <system-err><![CDATA[[main] ERROR net.serenitybdd.core.Serenity - 
           __  _____ _____ ____ _____   _____ _    ___ _     _____ ____  
  _       / / |_   _| ____/ ___|_   _| |  ___/ \  |_ _| |   | ____|  _ \ 
 (_)_____| |    | | |  _| \___ \ | |   | |_ / _ \  | || |   |  _| | | | |
  _|_____| |    | | | |___ ___) || |   |  _/ ___ \ | || |___| |___| |_| |
 (_)     | |    |_| |_____|____/ |_|   |_|/_/   \_\___|_____|_____|____/ 
          \_\                                                            

TEST FAILED WITH ERROR: To check the functionality of delete ametity
---------------------------------------------------------------------
[main] ERROR net.serenitybdd.core.Serenity - TEST FAILED AT STEP And user clicks on the delete button of amenity
[main] ERROR net.serenitybdd.core.Serenity - element click intercepted: Element <em class="fa fa-trash cursor-pointer" title="Delete" action-type="delete"></em> is not clickable at point (1259, 1). Other element would receive the click: <div class="kt-header__topbar-wrapper" data-offset="10px,0px" data-toggle="dropdown">...</div>
[main] INFO net.serenitybdd.core.Serenity - 
 _____ _____ ____ _____   ____ _____  _    ____ _____ _____ ____  
|_   _| ____/ ___|_   _| / ___|_   _|/ \  |  _ \_   _| ____|  _ \ 
  | | |  _| \___ \ | |   \___ \ | | / _ \ | |_) || | |  _| | | | |
  | | | |___ ___) || |    ___) || |/ ___ \|  _ < | | | |___| |_| |
  |_| |_____|____/ |_|   |____/ |_/_/   \_\_| \_\|_| |_____|____/ 
                                                                  

TEST STARTED: To verify the functionality when the user clicks on the cancel button  of delete amity popup
-------------------------------------------------------------------(functionality-of--application;to-verify-the-functionality-when-the-user-clicks-on-the-cancel-button--of-delete-amity-popup)
[main] INFO utilities.ConfigLoader - Running the tests against:test
[1590048621.468][SEVERE]: Timed out receiving message from renderer: 0.100
[main] INFO utilities.ConfigLoader - Running the tests against:test
[main] INFO utilities.ConfigLoader - Running the tests against:test
[main] ERROR net.serenitybdd.core.Serenity - 
           __  _____ _____ ____ _____   _____ _    ___ _     _____ ____  
  _       / / |_   _| ____/ ___|_   _| |  ___/ \  |_ _| |   | ____|  _ \ 
 (_)_____| |    | | |  _| \___ \ | |   | |_ / _ \  | || |   |  _| | | | |
  _|_____| |    | | | |___ ___) || |   |  _/ ___ \ | || |___| |___| |_| |
 (_)     | |    |_| |_____|____/ |_|   |_|/_/   \_\___|_____|_____|____/ 
          \_\                                                            

TEST FAILED WITH ERROR: To verify the functionality when the user clicks on the cancel button  of delete amity popup
---------------------------------------------------------------------
[main] ERROR net.serenitybdd.core.Serenity - TEST FAILED AT STEP Then user click on the cancel button of delete amenity popup
[main] ERROR net.serenitybdd.core.Serenity - element click intercepted: Element <em class="fa fa-trash cursor-pointer" title="Delete" action-type="delete"></em> is not clickable at point (1259, 1). Other element would receive the click: <div class="kt-header__topbar-wrapper" data-offset="10px,0px" data-toggle="dropdown">...</div>
]]></system-err>
  </testcase>
  <testcase name="To verify the functionality when user clicks on the chechbox of Driving license number" classname="Functionality of  application" time="20"/>
  <testcase name="To verify the functionality checkbox of dropdown view" classname="Functionality of  application" time="19.767"/>
  <testcase name="To verify the functionality of enablity of toggle button and apply changes button" classname="Functionality of  application" time="14.533"/>
  <testcase name="To verify the validations on amenties and icon fields" classname="Functionality of  application" time="17.959">
    <error message="element click intercepted: Element &lt;button class=&quot;btn btn-primary&quot; type=&quot;submit&quot;&gt;...&lt;/button&gt; is not clickable at point (773, 428). Other element would receive the click: &lt;div class=&quot;block-ui-wrapper container-blockui-amenity-add block-ui-wrapper--element active&quot;&gt;...&lt;/div&gt;&#10;  (Session info: chrome=81.0.4044.138)&#10;Build info: version: &apos;3.10.0&apos;, revision: &apos;176b4a9&apos;, time: &apos;2018-03-02T19:03:16.397Z&apos;&#10;System info: host: &apos;lapr055&apos;, ip: &apos;192.168.43.127&apos;, os.name: &apos;Windows 10&apos;, os.arch: &apos;amd64&apos;, os.version: &apos;10.0&apos;, java.version: &apos;13.0.2&apos;&#10;Driver info: org.openqa.selenium.remote.RemoteWebDriver&#10;Capabilities {acceptInsecureCerts: false, browserName: chrome, browserVersion: 81.0.4044.138, chrome: {chromedriverVersion: 81.0.4044.69 (6813546031a4b..., userDataDir: C:\Users\shefaliy\AppData\L...}, goog:chromeOptions: {debuggerAddress: localhost:57077}, javascriptEnabled: true, networkConnectionEnabled: false, pageLoadStrategy: normal, platform: WINDOWS, platformName: WINDOWS, proxy: Proxy(), setWindowRect: true, strictFileInteractability: false, timeouts: {implicit: 0, pageLoad: 300000, script: 30000}, unhandledPromptBehavior: dismiss and notify, webauthn:virtualAuthenticators: true}&#10;Session ID: 02c9b9f34eea68ab21818ca3c0bbb5ba" type="org.openqa.selenium.ElementClickInterceptedException"><![CDATA[org.openqa.selenium.ElementClickInterceptedException: 
element click intercepted: Element <button class="btn btn-primary" type="submit">...</button> is not clickable at point (773, 428). Other element would receive the click: <div class="block-ui-wrapper container-blockui-amenity-add block-ui-wrapper--element active">...</div>
  (Session info: chrome=81.0.4044.138)
Build info: version: '3.10.0', revision: '176b4a9', time: '2018-03-02T19:03:16.397Z'
System info: host: 'lapr055', ip: '192.168.43.127', os.name: 'Windows 10', os.arch: 'amd64', os.version: '10.0', java.version: '13.0.2'
Driver info: org.openqa.selenium.remote.RemoteWebDriver
Capabilities {acceptInsecureCerts: false, browserName: chrome, browserVersion: 81.0.4044.138, chrome: {chromedriverVersion: 81.0.4044.69 (6813546031a4b..., userDataDir: C:\Users\shefaliy\AppData\L...}, goog:chromeOptions: {debuggerAddress: localhost:57077}, javascriptEnabled: true, networkConnectionEnabled: false, pageLoadStrategy: normal, platform: WINDOWS, platformName: WINDOWS, proxy: Proxy(), setWindowRect: true, strictFileInteractability: false, timeouts: {implicit: 0, pageLoad: 300000, script: 30000}, unhandledPromptBehavior: dismiss and notify, webauthn:virtualAuthenticators: true}
Session ID: 02c9b9f34eea68ab21818ca3c0bbb5ba
]]></error>
    <system-err><![CDATA[[main] INFO net.serenitybdd.core.Serenity - 
        __    _____ _____ ____ _____   ____   _    ____  ____  _____ ____  
  _     \ \  |_   _| ____/ ___|_   _| |  _ \ / \  / ___|/ ___|| ____|  _ \ 
 (_)_____| |   | | |  _| \___ \ | |   | |_) / _ \ \___ \\___ \|  _| | | | |
  _|_____| |   | | | |___ ___) || |   |  __/ ___ \ ___) |___) | |___| |_| |
 (_)     | |   |_| |_____|____/ |_|   |_| /_/   \_\____/|____/|_____|____/ 
        /_/                                                                

TEST PASSED: To verify the functionality of enablity of toggle button and apply changes button
----------------------------------------------------------------------------
[main] INFO net.serenitybdd.core.Serenity - 
 _____ _____ ____ _____   ____ _____  _    ____ _____ _____ ____  
|_   _| ____/ ___|_   _| / ___|_   _|/ \  |  _ \_   _| ____|  _ \ 
  | | |  _| \___ \ | |   \___ \ | | / _ \ | |_) || | |  _| | | | |
  | | | |___ ___) || |    ___) || |/ ___ \|  _ < | | | |___| |_| |
  |_| |_____|____/ |_|   |____/ |_/_/   \_\_| \_\|_| |_____|____/ 
                                                                  

TEST STARTED: To verify the validations on amenties and icon fields
-------------------------------------------------------------------(functionality-of--application;to-verify-the-validations-on-amenties-and-icon-fields)
[main] INFO utilities.ConfigLoader - Running the tests against:test
[main] INFO utilities.ConfigLoader - Running the tests against:test
[main] INFO utilities.ConfigLoader - Running the tests against:test
[main] ERROR net.serenitybdd.core.Serenity - 
           __  _____ _____ ____ _____   _____ _    ___ _     _____ ____  
  _       / / |_   _| ____/ ___|_   _| |  ___/ \  |_ _| |   | ____|  _ \ 
 (_)_____| |    | | |  _| \___ \ | |   | |_ / _ \  | || |   |  _| | | | |
  _|_____| |    | | | |___ ___) || |   |  _/ ___ \ | || |___| |___| |_| |
 (_)     | |    |_| |_____|____/ |_|   |_|/_/   \_\___|_____|_____|____/ 
          \_\                                                            

TEST FAILED WITH ERROR: To verify the validations on amenties and icon fields
---------------------------------------------------------------------
[main] ERROR net.serenitybdd.core.Serenity - TEST FAILED AT STEP And use clicks on the Add button
[main] ERROR net.serenitybdd.core.Serenity - element click intercepted: Element <button class="btn btn-primary" type="submit">...</button> is not clickable at point (773, 428). Other element would receive the click: <div class="block-ui-wrapper container-blockui-amenity-add block-ui-wrapper--element active">...</div>
]]></system-err>
  </testcase>
</testsuite>