<?xml version="1.0" encoding="UTF-8"?><testsuite errors="0" failures="0" name="Functionality of profile" skipped="0" tests="13" time="243.35" timestamp="2020-05-12 09:55:43"><testcase name="Verify the details showings in my profile"/><testcase name="Edit the profile and verify that profile haas been updated"/><testcase name="User is on edit profile page and clicking on the cancel button"/><testcase name="To verify the validation on Edit profile page"/><testcase name="To verify when user enters wrong password in old password and enters same password in new password and confirm password"/><testcase name="To verify the functionality of cancel button of change password field"/><testcase name="To verify the validations on the change password field"/><testcase name="Change Password with invalid credentials"/><testcase name="To verify the upload, remove and change functionality of profile picture"/></testsuite>