<?xml version="1.0" encoding="UTF-8"?><testsuite errors="8" failures="0" name="Work Order Management" skipped="15" tests="24" time="324.79" timestamp="2020-05-07 02:29:55"><testcase name="Create a work order and cross verify the detail entered"><skipped/></testcase><testcase name="To verify validations on add Work Order screen"><skipped/></testcase><testcase name="Edit an existing vendor from vendor list screen and cross verify the modification"><skipped/></testcase><testcase name="Edit an existing vendor from vendor detail screen and cross verify the modification"><skipped/></testcase><testcase name="Adding and editing a note to the Work Order"><skipped/></testcase><testcase name="Notes count associated with a work order"><skipped/></testcase><testcase name="Verify that upon editing a work order field log section is getting updated"><skipped/></testcase><testcase name="User is able to report issue for in progress work order"/><testcase name="Verify that User is not able to edit the work order of complete status"><skipped/></testcase><testcase name="Filter the work order list upon selecting priority"><skipped/></testcase><testcase name="Filter the user list upon selecting work order status"><error message="Timed out after 10000 milliseconds: net.serenitybdd.core.pages.RenderedPageObjectView$2@36a1fd20&#10;Build info: version: '3.10.0', revision: '176b4a9', time: '2018-03-02T19:03:16.397Z'&#10;System info: host: 'PAYALQA', ip: '192.168.1.18', os.name: 'Windows 10', os.arch: 'amd64', os.version: '10.0', java.version: '11.0.2'&#10;Driver info: driver.version: unknown&#10;Build info: version: '3.10.0', revision: '176b4a9', time: '2018-03-02T19:03:16.397Z'&#10;System info: host: 'PAYALQA', ip: '192.168.1.18', os.name: 'Windows 10', os.arch: 'amd64', os.version: '10.0', java.version: '11.0.2'&#10;Driver info: driver.version: unknown" type="org.openqa.selenium.TimeoutException">Timed out after 10000 milliseconds: net.serenitybdd.core.pages.RenderedPageObjectView$2@36a1fd20
Build info: version: '3.10.0', revision: '176b4a9', time: '2018-03-02T19:03:16.397Z'
System info: host: 'PAYALQA', ip: '192.168.1.18', os.name: 'Windows 10', os.arch: 'amd64', os.version: '10.0', java.version: '11.0.2'
Driver info: driver.version: unknown
Build info: version: '3.10.0', revision: '176b4a9', time: '2018-03-02T19:03:16.397Z'
System info: host: 'PAYALQA', ip: '192.168.1.18', os.name: 'Windows 10', os.arch: 'amd64', os.version: '10.0', java.version: '11.0.2'
Driver info: driver.version: unknown</error><system-err>Timed out after 10000 milliseconds: net.serenitybdd.core.pages.RenderedPageObjectView$2@36a1fd20
Build info: version: '3.10.0', revision: '176b4a9', time: '2018-03-02T19:03:16.397Z'
System info: host: 'PAYALQA', ip: '192.168.1.18', os.name: 'Windows 10', os.arch: 'amd64', os.version: '10.0', java.version: '11.0.2'
Driver info: driver.version: unknown
Build info: version: '3.10.0', revision: '176b4a9', time: '2018-03-02T19:03:16.397Z'
System info: host: 'PAYALQA', ip: '192.168.1.18', os.name: 'Windows 10', os.arch: 'amd64', os.version: '10.0', java.version: '11.0.2'
Driver info: driver.version: unknown&#13;
pages.UserManagementPage.selectStatusDropdown(UserManagementPage.java:132)&#13;
steps.UserManagementSteps.userClicksOnSelectStatusDropdown(UserManagementSteps.java:70)&#13;
✽.User clicks on Select status dropdown(src/test/resources/feature/web/workOrder/workOrderListView.feature:80)&#13;
</system-err></testcase><testcase name="Filter the user list upon selecting facility"><skipped/></testcase><testcase name="Filter the user list upon selecting assignee"><error message="Timed out after 10000 milliseconds: net.serenitybdd.core.pages.RenderedPageObjectView$2@735167e1&#10;Build info: version: '3.10.0', revision: '176b4a9', time: '2018-03-02T19:03:16.397Z'&#10;System info: host: 'PAYALQA', ip: '192.168.1.18', os.name: 'Windows 10', os.arch: 'amd64', os.version: '10.0', java.version: '11.0.2'&#10;Driver info: driver.version: unknown&#10;Build info: version: '3.10.0', revision: '176b4a9', time: '2018-03-02T19:03:16.397Z'&#10;System info: host: 'PAYALQA', ip: '192.168.1.18', os.name: 'Windows 10', os.arch: 'amd64', os.version: '10.0', java.version: '11.0.2'&#10;Driver info: driver.version: unknown" type="org.openqa.selenium.TimeoutException">Timed out after 10000 milliseconds: net.serenitybdd.core.pages.RenderedPageObjectView$2@735167e1
Build info: version: '3.10.0', revision: '176b4a9', time: '2018-03-02T19:03:16.397Z'
System info: host: 'PAYALQA', ip: '192.168.1.18', os.name: 'Windows 10', os.arch: 'amd64', os.version: '10.0', java.version: '11.0.2'
Driver info: driver.version: unknown
Build info: version: '3.10.0', revision: '176b4a9', time: '2018-03-02T19:03:16.397Z'
System info: host: 'PAYALQA', ip: '192.168.1.18', os.name: 'Windows 10', os.arch: 'amd64', os.version: '10.0', java.version: '11.0.2'
Driver info: driver.version: unknown</error><system-err>Timed out after 10000 milliseconds: net.serenitybdd.core.pages.RenderedPageObjectView$2@735167e1
Build info: version: '3.10.0', revision: '176b4a9', time: '2018-03-02T19:03:16.397Z'
System info: host: 'PAYALQA', ip: '192.168.1.18', os.name: 'Windows 10', os.arch: 'amd64', os.version: '10.0', java.version: '11.0.2'
Driver info: driver.version: unknown
Build info: version: '3.10.0', revision: '176b4a9', time: '2018-03-02T19:03:16.397Z'
System info: host: 'PAYALQA', ip: '192.168.1.18', os.name: 'Windows 10', os.arch: 'amd64', os.version: '10.0', java.version: '11.0.2'
Driver info: driver.version: unknown&#13;
pages.UserManagementPage.selectStatusDropdown(UserManagementPage.java:132)&#13;
steps.UserManagementSteps.userClicksOnSelectStatusDropdown(UserManagementSteps.java:70)&#13;
✽.User clicks on Select status dropdown(src/test/resources/feature/web/workOrder/workOrderListView.feature:104)&#13;
</system-err></testcase></testsuite>