<?xml version="1.0" encoding="UTF-8"?><testsuite errors="0" failures="0" name="Unit Management" skipped="0" tests="10" time="173.08" timestamp="2020-05-07 02:19:10"><testcase name="Create a unit and cross verify the detail entered"/><testcase name="To verify validations on add unit screen"/><testcase name="Edit an existing unit from facility detail screen and cross verify the modification"/><testcase name="Edit an existing unit from unit detail screen and cross verify the modification"/><testcase name="Deactivate and Activate unit from unit list screen"/><testcase name="Deactivate user from unit detail screen and cross verify the status"/><testcase name="Filter the unit list upon selecting status"/><testcase name="User should be able to search when he enters the keyword and clicks on 'Filter' button"/><testcase name="User should be able to search when he enters the keyword and hits ‘Enter’ button on keyboard"/></testsuite>